Analysis & Synthesis report for programador
Sat May 25 18:30:01 2024
Quartus Prime Version 23.1std.0 Build 991 11/28/2023 SC Lite Edition


---------------------
; Table of Contents ;
---------------------
  1. Legal Notice
  2. Analysis & Synthesis Summary
  3. Analysis & Synthesis Settings
  4. Parallel Compilation
  5. Analysis & Synthesis Source Files Read
  6. Analysis & Synthesis Resource Usage Summary
  7. Analysis & Synthesis Resource Utilization by Entity
  8. State Machine - |Block1|programador:inst1|state
  9. State Machine - |Block1|controlador:inst|state
 10. Registers Removed During Synthesis
 11. Removed Registers Triggering Further Register Optimizations
 12. General Register Statistics
 13. Multiplexer Restructuring Statistics (Restructuring Performed)
 14. Post-Synthesis Netlist Statistics for Top Partition
 15. Elapsed Time Per Partition
 16. Analysis & Synthesis Messages



----------------
; Legal Notice ;
----------------
Copyright (C) 2023  Intel Corporation. All rights reserved.
Your use of Intel Corporation's design tools, logic functions 
and other software and tools, and any partner logic 
functions, and any output files from any of the foregoing 
(including device programming or simulation files), and any 
associated documentation or information are expressly subject 
to the terms and conditions of the Intel Program License 
Subscription Agreement, the Intel Quartus Prime License Agreement,
the Intel FPGA IP License Agreement, or other applicable license
agreement, including, without limitation, that your use is for
the sole purpose of programming logic devices manufactured by
Intel and sold by Intel or its authorized distributors.  Please
refer to the applicable agreement for further details, at
https://fpgasoftware.intel.com/eula.



+-------------------------------------------------------------------------------------+
; Analysis & Synthesis Summary                                                        ;
+------------------------------------+------------------------------------------------+
; Analysis & Synthesis Status        ; Successful - Sat May 25 18:30:01 2024          ;
; Quartus Prime Version              ; 23.1std.0 Build 991 11/28/2023 SC Lite Edition ;
; Revision Name                      ; programador                                    ;
; Top-level Entity Name              ; Block1                                         ;
; Family                             ; Cyclone IV E                                   ;
; Total logic elements               ; 39                                             ;
;     Total combinational functions  ; 36                                             ;
;     Dedicated logic registers      ; 26                                             ;
; Total registers                    ; 26                                             ;
; Total pins                         ; 9                                              ;
; Total virtual pins                 ; 0                                              ;
; Total memory bits                  ; 0                                              ;
; Embedded Multiplier 9-bit elements ; 0                                              ;
; Total PLLs                         ; 0                                              ;
+------------------------------------+------------------------------------------------+


+------------------------------------------------------------------------------------------------------------+
; Analysis & Synthesis Settings                                                                              ;
+------------------------------------------------------------------+--------------------+--------------------+
; Option                                                           ; Setting            ; Default Value      ;
+------------------------------------------------------------------+--------------------+--------------------+
; Top-level entity name                                            ; Block1             ; programador        ;
; Family name                                                      ; Cyclone IV E       ; Cyclone V          ;
; Use smart compilation                                            ; Off                ; Off                ;
; Enable parallel Assembler and Timing Analyzer during compilation ; On                 ; On                 ;
; Enable compact report table                                      ; Off                ; Off                ;
; Restructure Multiplexers                                         ; Auto               ; Auto               ;
; Create Debugging Nodes for IP Cores                              ; Off                ; Off                ;
; Preserve fewer node names                                        ; On                 ; On                 ;
; Intel FPGA IP Evaluation Mode                                    ; Enable             ; Enable             ;
; Verilog Version                                                  ; Verilog_2001       ; Verilog_2001       ;
; VHDL Version                                                     ; VHDL_1993          ; VHDL_1993          ;
; State Machine Processing                                         ; Auto               ; Auto               ;
; Safe State Machine                                               ; Off                ; Off                ;
; Extract Verilog State Machines                                   ; On                 ; On                 ;
; Extract VHDL State Machines                                      ; On                 ; On                 ;
; Ignore Verilog initial constructs                                ; Off                ; Off                ;
; Iteration limit for constant Verilog loops                       ; 5000               ; 5000               ;
; Iteration limit for non-constant Verilog loops                   ; 250                ; 250                ;
; Add Pass-Through Logic to Inferred RAMs                          ; On                 ; On                 ;
; Infer RAMs from Raw Logic                                        ; On                 ; On                 ;
; Parallel Synthesis                                               ; On                 ; On                 ;
; DSP Block Balancing                                              ; Auto               ; Auto               ;
; NOT Gate Push-Back                                               ; On                 ; On                 ;
; Power-Up Don't Care                                              ; On                 ; On                 ;
; Remove Redundant Logic Cells                                     ; Off                ; Off                ;
; Remove Duplicate Registers                                       ; On                 ; On                 ;
; Ignore CARRY Buffers                                             ; Off                ; Off                ;
; Ignore CASCADE Buffers                                           ; Off                ; Off                ;
; Ignore GLOBAL Buffers                                            ; Off                ; Off                ;
; Ignore ROW GLOBAL Buffers                                        ; Off                ; Off                ;
; Ignore LCELL Buffers                                             ; Off                ; Off                ;
; Ignore SOFT Buffers                                              ; On                 ; On                 ;
; Limit AHDL Integers to 32 Bits                                   ; Off                ; Off                ;
; Optimization Technique                                           ; Balanced           ; Balanced           ;
; Carry Chain Length                                               ; 70                 ; 70                 ;
; Auto Carry Chains                                                ; On                 ; On                 ;
; Auto Open-Drain Pins                                             ; On                 ; On                 ;
; Perform WYSIWYG Primitive Resynthesis                            ; Off                ; Off                ;
; Auto ROM Replacement                                             ; On                 ; On                 ;
; Auto RAM Replacement                                             ; On                 ; On                 ;
; Auto DSP Block Replacement                                       ; On                 ; On                 ;
; Auto Shift Register Replacement                                  ; Auto               ; Auto               ;
; Allow Shift Register Merging across Hierarchies                  ; Auto               ; Auto               ;
; Auto Clock Enable Replacement                                    ; On                 ; On                 ;
; Strict RAM Replacement                                           ; Off                ; Off                ;
; Allow Synchronous Control Signals                                ; On                 ; On                 ;
; Force Use of Synchronous Clear Signals                           ; Off                ; Off                ;
; Auto RAM Block Balancing                                         ; On                 ; On                 ;
; Auto RAM to Logic Cell Conversion                                ; Off                ; Off                ;
; Auto Resource Sharing                                            ; Off                ; Off                ;
; Allow Any RAM Size For Recognition                               ; Off                ; Off                ;
; Allow Any ROM Size For Recognition                               ; Off                ; Off                ;
; Allow Any Shift Register Size For Recognition                    ; Off                ; Off                ;
; Use LogicLock Constraints during Resource Balancing              ; On                 ; On                 ;
; Ignore translate_off and synthesis_off directives                ; Off                ; Off                ;
; Timing-Driven Synthesis                                          ; On                 ; On                 ;
; Report Parameter Settings                                        ; On                 ; On                 ;
; Report Source Assignments                                        ; On                 ; On                 ;
; Report Connectivity Checks                                       ; On                 ; On                 ;
; Ignore Maximum Fan-Out Assignments                               ; Off                ; Off                ;
; Synchronization Register Chain Length                            ; 2                  ; 2                  ;
; Power Optimization During Synthesis                              ; Normal compilation ; Normal compilation ;
; HDL message level                                                ; Level2             ; Level2             ;
; Suppress Register Optimization Related Messages                  ; Off                ; Off                ;
; Number of Removed Registers Reported in Synthesis Report         ; 5000               ; 5000               ;
; Number of Swept Nodes Reported in Synthesis Report               ; 5000               ; 5000               ;
; Number of Inverted Registers Reported in Synthesis Report        ; 100                ; 100                ;
; Clock MUX Protection                                             ; On                 ; On                 ;
; Auto Gated Clock Conversion                                      ; Off                ; Off                ;
; Block Design Naming                                              ; Auto               ; Auto               ;
; SDC constraint protection                                        ; Off                ; Off                ;
; Synthesis Effort                                                 ; Auto               ; Auto               ;
; Shift Register Replacement - Allow Asynchronous Clear Signal     ; On                 ; On                 ;
; Pre-Mapping Resynthesis Optimization                             ; Off                ; Off                ;
; Analysis & Synthesis Message Level                               ; Medium             ; Medium             ;
; Disable Register Merging Across Hierarchies                      ; Auto               ; Auto               ;
; Resource Aware Inference For Block RAM                           ; On                 ; On                 ;
+------------------------------------------------------------------+--------------------+--------------------+


+------------------------------------------+
; Parallel Compilation                     ;
+----------------------------+-------------+
; Processors                 ; Number      ;
+----------------------------+-------------+
; Number detected on machine ; 12          ;
; Maximum allowed            ; 12          ;
;                            ;             ;
; Average used               ; 1.00        ;
; Maximum used               ; 12          ;
;                            ;             ;
; Usage by Processor         ; % Time Used ;
;     Processor 1            ; 100.0%      ;
;     Processors 2-12        ;   0.0%      ;
+----------------------------+-------------+


+--------------------------------------------------------------------------------------------------------------------------------------------------------------------------------------+
; Analysis & Synthesis Source Files Read                                                                                                                                               ;
+----------------------------------+-----------------+------------------------------------+----------------------------------------------------------------------------------+---------+
; File Name with User-Entered Path ; Used in Netlist ; File Type                          ; File Name with Absolute Path                                                     ; Library ;
+----------------------------------+-----------------+------------------------------------+----------------------------------------------------------------------------------+---------+
; Block1.bdf                       ; yes             ; User Block Diagram/Schematic File  ; C:/Users/Gaspar/Documents/GitHub/Proyecto_Final_DOME/programador/Block1.bdf      ;         ;
; controlador.vhd                  ; yes             ; User VHDL File                     ; C:/Users/Gaspar/Documents/GitHub/Proyecto_Final_DOME/programador/controlador.vhd ;         ;
; programador.vhd                  ; yes             ; User VHDL File                     ; C:/Users/Gaspar/Documents/GitHub/Proyecto_Final_DOME/programador/programador.vhd ;         ;
+----------------------------------+-----------------+------------------------------------+----------------------------------------------------------------------------------+---------+


+---------------------------------------------------------+
; Analysis & Synthesis Resource Usage Summary             ;
+---------------------------------------------+-----------+
; Resource                                    ; Usage     ;
+---------------------------------------------+-----------+
; Estimated Total logic elements              ; 39        ;
;                                             ;           ;
; Total combinational functions               ; 36        ;
; Logic element usage by number of LUT inputs ;           ;
;     -- 4 input functions                    ; 10        ;
;     -- 3 input functions                    ; 6         ;
;     -- <=2 input functions                  ; 20        ;
;                                             ;           ;
; Logic elements by mode                      ;           ;
;     -- normal mode                          ; 28        ;
;     -- arithmetic mode                      ; 8         ;
;                                             ;           ;
; Total registers                             ; 26        ;
;     -- Dedicated logic registers            ; 26        ;
;     -- I/O registers                        ; 0         ;
;                                             ;           ;
; I/O pins                                    ; 9         ;
;                                             ;           ;
; Embedded Multiplier 9-bit elements          ; 0         ;
;                                             ;           ;
; Maximum fan-out node                        ; clk~input ;
; Maximum fan-out                             ; 27        ;
; Total fan-out                               ; 186       ;
; Average fan-out                             ; 2.30      ;
+---------------------------------------------+-----------+


+---------------------------------------------------------------------------------------------------------------------------------------------------------------------------------------------------------------+
; Analysis & Synthesis Resource Utilization by Entity                                                                                                                                                           ;
+----------------------------+---------------------+---------------------------+-------------+--------------+---------+-----------+------+--------------+--------------------------+-------------+--------------+
; Compilation Hierarchy Node ; Combinational ALUTs ; Dedicated Logic Registers ; Memory Bits ; DSP Elements ; DSP 9x9 ; DSP 18x18 ; Pins ; Virtual Pins ; Full Hierarchy Name      ; Entity Name ; Library Name ;
+----------------------------+---------------------+---------------------------+-------------+--------------+---------+-----------+------+--------------+--------------------------+-------------+--------------+
; |Block1                    ; 36 (0)              ; 26 (0)                    ; 0           ; 0            ; 0       ; 0         ; 9    ; 0            ; |Block1                  ; Block1      ; work         ;
;    |controlador:inst|      ; 36 (36)             ; 26 (26)                   ; 0           ; 0            ; 0       ; 0         ; 0    ; 0            ; |Block1|controlador:inst ; controlador ; work         ;
+----------------------------+---------------------+---------------------------+-------------+--------------+---------+-----------+------+--------------+--------------------------+-------------+--------------+
Note: For table entries with two numbers listed, the numbers in parentheses indicate the number of resources of the given type used by the specific entity alone. The numbers listed outside of parentheses indicate the total resources of the given type used by the specific entity and all of its sub-entities in the hierarchy.


Encoding Type:  One-Hot
+-----------------------------------------------------------------------------------------------------------------------------------------------------------------+
; State Machine - |Block1|programador:inst1|state                                                                                                                 ;
+---------------+--------------+--------------+--------------+-------------+-------------+-------------+---------------+---------------+-------------+------------+
; Name          ; state.stop_2 ; state.stop_1 ; state.idle_2 ; state.error ; state.ack_2 ; state.ack_1 ; state.b_write ; state.b_trans ; state.start ; state.idle ;
+---------------+--------------+--------------+--------------+-------------+-------------+-------------+---------------+---------------+-------------+------------+
; state.idle    ; 0            ; 0            ; 0            ; 0           ; 0           ; 0           ; 0             ; 0             ; 0           ; 0          ;
; state.start   ; 0            ; 0            ; 0            ; 0           ; 0           ; 0           ; 0             ; 0             ; 1           ; 1          ;
; state.b_trans ; 0            ; 0            ; 0            ; 0           ; 0           ; 0           ; 0             ; 1             ; 0           ; 1          ;
; state.b_write ; 0            ; 0            ; 0            ; 0           ; 0           ; 0           ; 1             ; 0             ; 0           ; 1          ;
; state.ack_1   ; 0            ; 0            ; 0            ; 0           ; 0           ; 1           ; 0             ; 0             ; 0           ; 1          ;
; state.ack_2   ; 0            ; 0            ; 0            ; 0           ; 1           ; 0           ; 0             ; 0             ; 0           ; 1          ;
; state.error   ; 0            ; 0            ; 0            ; 1           ; 0           ; 0           ; 0             ; 0             ; 0           ; 1          ;
; state.idle_2  ; 0            ; 0            ; 1            ; 0           ; 0           ; 0           ; 0             ; 0             ; 0           ; 1          ;
; state.stop_1  ; 0            ; 1            ; 0            ; 0           ; 0           ; 0           ; 0             ; 0             ; 0           ; 1          ;
; state.stop_2  ; 1            ; 0            ; 0            ; 0           ; 0           ; 0           ; 0             ; 0             ; 0           ; 1          ;
+---------------+--------------+--------------+--------------+-------------+-------------+-------------+---------------+---------------+-------------+------------+


Encoding Type:  One-Hot
+---------------------------------------------------------------------------------------------------------------------------------------------------------------------------------------------------------------------------------------------------------------------------------+
; State Machine - |Block1|controlador:inst|state                                                                                                                                                                                                                                  ;
+---------------+------------+--------------+---------------+---------------+-------------+-------------+-------------+-------------+---------------+--------------+-------------+-------------+-------------+-------------+-------------+-------------+-------------+------------+
; Name          ; state.done ; state.stop_2 ; state.dw_00_2 ; state.dp_00_2 ; state.dw_81 ; state.dp_81 ; state.dw_1E ; state.dp_1E ; state.dp_BA_2 ; state.stop_1 ; state.dw_02 ; state.dp_02 ; state.dw_00 ; state.dp_00 ; state.dw_07 ; state.dp_07 ; state.dp_BA ; state.idle ;
+---------------+------------+--------------+---------------+---------------+-------------+-------------+-------------+-------------+---------------+--------------+-------------+-------------+-------------+-------------+-------------+-------------+-------------+------------+
; state.idle    ; 0          ; 0            ; 0             ; 0             ; 0           ; 0           ; 0           ; 0           ; 0             ; 0            ; 0           ; 0           ; 0           ; 0           ; 0           ; 0           ; 0           ; 0          ;
; state.dp_BA   ; 0          ; 0            ; 0             ; 0             ; 0           ; 0           ; 0           ; 0           ; 0             ; 0            ; 0           ; 0           ; 0           ; 0           ; 0           ; 0           ; 1           ; 1          ;
; state.dp_07   ; 0          ; 0            ; 0             ; 0             ; 0           ; 0           ; 0           ; 0           ; 0             ; 0            ; 0           ; 0           ; 0           ; 0           ; 0           ; 1           ; 0           ; 1          ;
; state.dw_07   ; 0          ; 0            ; 0             ; 0             ; 0           ; 0           ; 0           ; 0           ; 0             ; 0            ; 0           ; 0           ; 0           ; 0           ; 1           ; 0           ; 0           ; 1          ;
; state.dp_00   ; 0          ; 0            ; 0             ; 0             ; 0           ; 0           ; 0           ; 0           ; 0             ; 0            ; 0           ; 0           ; 0           ; 1           ; 0           ; 0           ; 0           ; 1          ;
; state.dw_00   ; 0          ; 0            ; 0             ; 0             ; 0           ; 0           ; 0           ; 0           ; 0             ; 0            ; 0           ; 0           ; 1           ; 0           ; 0           ; 0           ; 0           ; 1          ;
; state.dp_02   ; 0          ; 0            ; 0             ; 0             ; 0           ; 0           ; 0           ; 0           ; 0             ; 0            ; 0           ; 1           ; 0           ; 0           ; 0           ; 0           ; 0           ; 1          ;
; state.dw_02   ; 0          ; 0            ; 0             ; 0             ; 0           ; 0           ; 0           ; 0           ; 0             ; 0            ; 1           ; 0           ; 0           ; 0           ; 0           ; 0           ; 0           ; 1          ;
; state.stop_1  ; 0          ; 0            ; 0             ; 0             ; 0           ; 0           ; 0           ; 0           ; 0             ; 1            ; 0           ; 0           ; 0           ; 0           ; 0           ; 0           ; 0           ; 1          ;
; state.dp_BA_2 ; 0          ; 0            ; 0             ; 0             ; 0           ; 0           ; 0           ; 0           ; 1             ; 0            ; 0           ; 0           ; 0           ; 0           ; 0           ; 0           ; 0           ; 1          ;
; state.dp_1E   ; 0          ; 0            ; 0             ; 0             ; 0           ; 0           ; 0           ; 1           ; 0             ; 0            ; 0           ; 0           ; 0           ; 0           ; 0           ; 0           ; 0           ; 1          ;
; state.dw_1E   ; 0          ; 0            ; 0             ; 0             ; 0           ; 0           ; 1           ; 0           ; 0             ; 0            ; 0           ; 0           ; 0           ; 0           ; 0           ; 0           ; 0           ; 1          ;
; state.dp_81   ; 0          ; 0            ; 0             ; 0             ; 0           ; 1           ; 0           ; 0           ; 0             ; 0            ; 0           ; 0           ; 0           ; 0           ; 0           ; 0           ; 0           ; 1          ;
; state.dw_81   ; 0          ; 0            ; 0             ; 0             ; 1           ; 0           ; 0           ; 0           ; 0             ; 0            ; 0           ; 0           ; 0           ; 0           ; 0           ; 0           ; 0           ; 1          ;
; state.dp_00_2 ; 0          ; 0            ; 0             ; 1             ; 0           ; 0           ; 0           ; 0           ; 0             ; 0            ; 0           ; 0           ; 0           ; 0           ; 0           ; 0           ; 0           ; 1          ;
; state.dw_00_2 ; 0          ; 0            ; 1             ; 0             ; 0           ; 0           ; 0           ; 0           ; 0             ; 0            ; 0           ; 0           ; 0           ; 0           ; 0           ; 0           ; 0           ; 1          ;
; state.stop_2  ; 0          ; 1            ; 0             ; 0             ; 0           ; 0           ; 0           ; 0           ; 0             ; 0            ; 0           ; 0           ; 0           ; 0           ; 0           ; 0           ; 0           ; 1          ;
; state.done    ; 1          ; 0            ; 0             ; 0             ; 0           ; 0           ; 0           ; 0           ; 0             ; 0            ; 0           ; 0           ; 0           ; 0           ; 0           ; 0           ; 0           ; 1          ;
+---------------+------------+--------------+---------------+---------------+-------------+-------------+-------------+-------------+---------------+--------------+-------------+-------------+-------------+-------------+-------------+-------------+-------------+------------+


+-------------------------------------------------------------------------------+
; Registers Removed During Synthesis                                            ;
+----------------------------------------+--------------------------------------+
; Register name                          ; Reason for Removal                   ;
+----------------------------------------+--------------------------------------+
; programador:inst1|data[0..7]           ; Stuck at GND due to stuck port clock ;
; programador:inst1|count[0..3]          ; Stuck at GND due to stuck port clock ;
; programador:inst1|state.idle           ; Stuck at GND due to stuck port clock ;
; programador:inst1|state.stop_2         ; Lost fanout                          ;
; programador:inst1|state.start          ; Stuck at GND due to stuck port clock ;
; programador:inst1|state.b_trans        ; Stuck at GND due to stuck port clock ;
; programador:inst1|state.b_write        ; Stuck at GND due to stuck port clock ;
; programador:inst1|state.ack_1          ; Stuck at GND due to stuck port clock ;
; programador:inst1|state.ack_2          ; Stuck at GND due to stuck port clock ;
; programador:inst1|state.error          ; Stuck at GND due to stuck port clock ;
; programador:inst1|state.idle_2         ; Stuck at GND due to stuck port clock ;
; programador:inst1|state.stop_1         ; Stuck at GND due to stuck port clock ;
; Total Number of Removed Registers = 22 ;                                      ;
+----------------------------------------+--------------------------------------+


+-----------------------------------------------------------------------------------------------------------------------------+
; Removed Registers Triggering Further Register Optimizations                                                                 ;
+-------------------------------+-------------------------+-------------------------------------------------------------------+
; Register name                 ; Reason for Removal      ; Registers Removed due to This Register                            ;
+-------------------------------+-------------------------+-------------------------------------------------------------------+
; programador:inst1|state.start ; Stuck at GND            ; programador:inst1|state.b_trans, programador:inst1|state.b_write, ;
;                               ; due to stuck port clock ; programador:inst1|state.ack_1, programador:inst1|state.ack_2      ;
; programador:inst1|state.idle  ; Stuck at GND            ; programador:inst1|state.stop_2                                    ;
;                               ; due to stuck port clock ;                                                                   ;
+-------------------------------+-------------------------+-------------------------------------------------------------------+


+------------------------------------------------------+
; General Register Statistics                          ;
+----------------------------------------------+-------+
; Statistic                                    ; Value ;
+----------------------------------------------+-------+
; Total registers                              ; 26    ;
; Number of registers using Synchronous Clear  ; 0     ;
; Number of registers using Synchronous Load   ; 0     ;
; Number of registers using Asynchronous Clear ; 18    ;
; Number of registers using Asynchronous Load  ; 0     ;
; Number of registers using Clock Enable       ; 8     ;
; Number of registers using Preset             ; 0     ;
+----------------------------------------------+-------+


+-------------------------------------------------------------------------------------------------------------------------------------------------+
; Multiplexer Restructuring Statistics (Restructuring Performed)                                                                                  ;
+--------------------+-----------+---------------+----------------------+------------------------+------------+-----------------------------------+
; Multiplexer Inputs ; Bus Width ; Baseline Area ; Area if Restructured ; Saving if Restructured ; Registered ; Example Multiplexer Output        ;
+--------------------+-----------+---------------+----------------------+------------------------+------------+-----------------------------------+
; 5:1                ; 8 bits    ; 24 LEs        ; 8 LEs                ; 16 LEs                 ; Yes        ; |Block1|controlador:inst|count[0] ;
+--------------------+-----------+---------------+----------------------+------------------------+------------+-----------------------------------+


+-----------------------------------------------------+
; Post-Synthesis Netlist Statistics for Top Partition ;
+-----------------------+-----------------------------+
; Type                  ; Count                       ;
+-----------------------+-----------------------------+
; boundary_port         ; 9                           ;
; cycloneiii_ff         ; 26                          ;
;     CLR               ; 18                          ;
;     ENA               ; 8                           ;
; cycloneiii_io_obuf    ; 2                           ;
; cycloneiii_lcell_comb ; 38                          ;
;     arith             ; 8                           ;
;         2 data inputs ; 8                           ;
;     normal            ; 30                          ;
;         0 data inputs ; 3                           ;
;         2 data inputs ; 11                          ;
;         3 data inputs ; 6                           ;
;         4 data inputs ; 10                          ;
;                       ;                             ;
; Max LUT depth         ; 3.00                        ;
; Average LUT depth     ; 2.17                        ;
+-----------------------+-----------------------------+


+-------------------------------+
; Elapsed Time Per Partition    ;
+----------------+--------------+
; Partition Name ; Elapsed Time ;
+----------------+--------------+
; Top            ; 00:00:00     ;
+----------------+--------------+


+-------------------------------+
; Analysis & Synthesis Messages ;
+-------------------------------+
Info: *******************************************************************
Info: Running Quartus Prime Analysis & Synthesis
    Info: Version 23.1std.0 Build 991 11/28/2023 SC Lite Edition
    Info: Processing started: Sat May 25 18:29:50 2024
Info: Command: quartus_map --read_settings_files=on --write_settings_files=off programador -c programador
Warning (18236): Number of processors has not been specified which may cause overloading on shared machines.  Set the global assignment NUM_PARALLEL_PROCESSORS in your QSF to an appropriate value for best performance.
Info (20030): Parallel compilation is enabled and will use 12 of the 12 processors detected
Info (12021): Found 1 design units, including 1 entities, in source file block1.bdf
    Info (12023): Found entity 1: Block1
Info (12021): Found 2 design units, including 1 entities, in source file controlador.vhd
    Info (12022): Found design unit 1: controlador-rtl File: C:/Users/Gaspar/Documents/GitHub/Proyecto_Final_DOME/programador/controlador.vhd Line: 42
    Info (12023): Found entity 1: controlador File: C:/Users/Gaspar/Documents/GitHub/Proyecto_Final_DOME/programador/controlador.vhd Line: 20
Info (12021): Found 2 design units, including 1 entities, in source file programador.vhd
    Info (12022): Found design unit 1: programador-rtl File: C:/Users/Gaspar/Documents/GitHub/Proyecto_Final_DOME/programador/programador.vhd Line: 49
    Info (12023): Found entity 1: programador File: C:/Users/Gaspar/Documents/GitHub/Proyecto_Final_DOME/programador/programador.vhd Line: 30
Info (12127): Elaborating entity "Block1" for the top level hierarchy
Info (12128): Elaborating entity "controlador" for hierarchy "controlador:inst"
Warning (10541): VHDL Signal Declaration warning at controlador.vhd(32): used implicit default value for signal "clk_o" because signal was never assigned a value or an explicit default value. Use of implicit default value may introduce unintended design optimizations. File: C:/Users/Gaspar/Documents/GitHub/Proyecto_Final_DOME/programador/controlador.vhd Line: 32
Warning (10492): VHDL Process Statement warning at controlador.vhd(60): signal "clk" is read inside the Process Statement but isn't in the Process Statement's sensitivity list File: C:/Users/Gaspar/Documents/GitHub/Proyecto_Final_DOME/programador/controlador.vhd Line: 60
Info (12128): Elaborating entity "programador" for hierarchy "programador:inst1"
Warning (13024): Output pins are stuck at VCC or GND
    Warning (13410): Pin "trigg" is stuck at GND
    Warning (13410): Pin "reset_camara" is stuck at VCC
Info (286030): Timing-Driven Synthesis is running
Info (17049): 1 registers lost all their fanouts during netlist optimizations.
Info (16010): Generating hard_block partition "hard_block:auto_generated_inst"
    Info (16011): Adding 0 node(s), including 0 DDIO, 0 PLL, 0 transceiver and 0 LCELL
Info (21057): Implemented 48 device resources after synthesis - the final resource count might be different
    Info (21058): Implemented 3 input pins
    Info (21059): Implemented 5 output pins
    Info (21060): Implemented 1 bidirectional pins
    Info (21061): Implemented 39 logic cells
Info: Quartus Prime Analysis & Synthesis was successful. 0 errors, 6 warnings
    Info: Peak virtual memory: 4851 megabytes
    Info: Processing ended: Sat May 25 18:30:01 2024
    Info: Elapsed time: 00:00:11
    Info: Total CPU time (on all processors): 00:00:14


