Flow report for pruebas_algoritmo
Thu Sep 26 17:49:28 2024
Quartus Prime Version 23.1std.0 Build 991 11/28/2023 SC Lite Edition


---------------------
; Table of Contents ;
---------------------
  1. Legal Notice
  2. Flow Summary
  3. Flow Settings
  4. Flow Non-Default Global Settings
  5. Flow Elapsed Time
  6. Flow OS Summary
  7. Flow Log
  8. Flow Messages
  9. Flow Suppressed Messages



----------------
; Legal Notice ;
----------------
Copyright (C) 2023  Intel Corporation. All rights reserved.
Your use of Intel Corporation's design tools, logic functions 
and other software and tools, and any partner logic 
functions, and any output files from any of the foregoing 
(including device programming or simulation files), and any 
associated documentation or information are expressly subject 
to the terms and conditions of the Intel Program License 
Subscription Agreement, the Intel Quartus Prime License Agreement,
the Intel FPGA IP License Agreement, or other applicable license
agreement, including, without limitation, that your use is for
the sole purpose of programming logic devices manufactured by
Intel and sold by Intel or its authorized distributors.  Please
refer to the applicable agreement for further details, at
https://fpgasoftware.intel.com/eula.



+-------------------------------------------------------------------------------------+
; Flow Summary                                                                        ;
+------------------------------------+------------------------------------------------+
; Flow Status                        ; Successful - Thu Sep 26 17:49:28 2024          ;
; Quartus Prime Version              ; 23.1std.0 Build 991 11/28/2023 SC Lite Edition ;
; Revision Name                      ; pruebas_algoritmo                              ;
; Top-level Entity Name              ; top_4                                          ;
; Family                             ; Cyclone IV E                                   ;
; Device                             ; EP4CE115F29C7                                  ;
; Timing Models                      ; Final                                          ;
; Total logic elements               ; 1,466 / 114,480 ( 1 % )                        ;
;     Total combinational functions  ; 943 / 114,480 ( < 1 % )                        ;
;     Dedicated logic registers      ; 1,093 / 114,480 ( < 1 % )                      ;
; Total registers                    ; 1093                                           ;
; Total pins                         ; 38 / 529 ( 7 % )                               ;
; Total virtual pins                 ; 0                                              ;
; Total memory bits                  ; 45,568 / 3,981,312 ( 1 % )                     ;
; Embedded Multiplier 9-bit elements ; 0 / 532 ( 0 % )                                ;
; Total PLLs                         ; 0 / 4 ( 0 % )                                  ;
+------------------------------------+------------------------------------------------+


+-----------------------------------------+
; Flow Settings                           ;
+-------------------+---------------------+
; Option            ; Setting             ;
+-------------------+---------------------+
; Start date & time ; 09/26/2024 17:48:56 ;
; Main task         ; Compilation         ;
; Revision Name     ; pruebas_algoritmo   ;
+-------------------+---------------------+


+-----------------------------------------------------------------------------------------------------------------------------------------------------------+
; Flow Non-Default Global Settings                                                                                                                          ;
+-------------------------------------+-----------------------------------------------+-------------------+-------------+-----------------------------------+
; Assignment Name                     ; Value                                         ; Default Value     ; Entity Name ; Section Id                        ;
+-------------------------------------+-----------------------------------------------+-------------------+-------------+-----------------------------------+
; COMPILER_SIGNATURE_ID               ; 238300918768197.172738373615752               ; --                ; --          ; --                                ;
; EDA_GENERATE_FUNCTIONAL_NETLIST     ; Off                                           ; --                ; --          ; eda_board_design_timing           ;
; EDA_GENERATE_FUNCTIONAL_NETLIST     ; Off                                           ; --                ; --          ; eda_board_design_boundary_scan    ;
; EDA_GENERATE_FUNCTIONAL_NETLIST     ; Off                                           ; --                ; --          ; eda_board_design_signal_integrity ;
; EDA_GENERATE_FUNCTIONAL_NETLIST     ; Off                                           ; --                ; --          ; eda_board_design_symbol           ;
; EDA_OUTPUT_DATA_FORMAT              ; Verilog Hdl                                   ; --                ; --          ; eda_simulation                    ;
; EDA_SIMULATION_TOOL                 ; Questa Intel FPGA (Verilog)                   ; <None>            ; --          ; --                                ;
; EDA_TIME_SCALE                      ; 1 ps                                          ; --                ; --          ; eda_simulation                    ;
; ENABLE_SIGNALTAP                    ; On                                            ; --                ; --          ; --                                ;
; MAX_CORE_JUNCTION_TEMP              ; 85                                            ; --                ; --          ; --                                ;
; MIN_CORE_JUNCTION_TEMP              ; 0                                             ; --                ; --          ; --                                ;
; NOMINAL_CORE_SUPPLY_VOLTAGE         ; 1.2V                                          ; --                ; --          ; --                                ;
; PARTITION_COLOR                     ; -- (Not supported for targeted family)        ; --                ; top_4       ; Top                               ;
; PARTITION_FITTER_PRESERVATION_LEVEL ; -- (Not supported for targeted family)        ; --                ; top_4       ; Top                               ;
; PARTITION_NETLIST_TYPE              ; -- (Not supported for targeted family)        ; --                ; top_4       ; Top                               ;
; POWER_BOARD_THERMAL_MODEL           ; None (CONSERVATIVE)                           ; --                ; --          ; --                                ;
; POWER_PRESET_COOLING_SOLUTION       ; 23 MM HEAT SINK WITH 200 LFPM AIRFLOW         ; --                ; --          ; --                                ;
; PROJECT_OUTPUT_DIRECTORY            ; output_files                                  ; --                ; --          ; --                                ;
; SLD_FILE                            ; db/stp1_auto_stripped.stp                     ; --                ; --          ; --                                ;
; SLD_NODE_CREATOR_ID                 ; 110                                           ; --                ; --          ; auto_signaltap_0                  ;
; SLD_NODE_ENTITY_NAME                ; sld_signaltap                                 ; --                ; --          ; auto_signaltap_0                  ;
; SLD_NODE_PARAMETER_ASSIGNMENT       ; SLD_RAM_BLOCK_TYPE=AUTO                       ; --                ; --          ; auto_signaltap_0                  ;
; SLD_NODE_PARAMETER_ASSIGNMENT       ; SLD_NODE_INFO=805334528                       ; --                ; --          ; auto_signaltap_0                  ;
; SLD_NODE_PARAMETER_ASSIGNMENT       ; SLD_POWER_UP_TRIGGER=0                        ; --                ; --          ; auto_signaltap_0                  ;
; SLD_NODE_PARAMETER_ASSIGNMENT       ; SLD_STORAGE_QUALIFIER_INVERSION_MASK_LENGTH=0 ; --                ; --          ; auto_signaltap_0                  ;
; SLD_NODE_PARAMETER_ASSIGNMENT       ; SLD_ATTRIBUTE_MEM_MODE=OFF                    ; --                ; --          ; auto_signaltap_0                  ;
; SLD_NODE_PARAMETER_ASSIGNMENT       ; SLD_STATE_FLOW_USE_GENERATED=0                ; --                ; --          ; auto_signaltap_0                  ;
; SLD_NODE_PARAMETER_ASSIGNMENT       ; SLD_STATE_BITS=11                             ; --                ; --          ; auto_signaltap_0                  ;
; SLD_NODE_PARAMETER_ASSIGNMENT       ; SLD_BUFFER_FULL_STOP=1                        ; --                ; --          ; auto_signaltap_0                  ;
; SLD_NODE_PARAMETER_ASSIGNMENT       ; SLD_CURRENT_RESOURCE_WIDTH=1                  ; --                ; --          ; auto_signaltap_0                  ;
; SLD_NODE_PARAMETER_ASSIGNMENT       ; SLD_INCREMENTAL_ROUTING=1                     ; --                ; --          ; auto_signaltap_0                  ;
; SLD_NODE_PARAMETER_ASSIGNMENT       ; SLD_TRIGGER_LEVEL=1                           ; --                ; --          ; auto_signaltap_0                  ;
; SLD_NODE_PARAMETER_ASSIGNMENT       ; SLD_TRIGGER_PIPELINE=0                        ; --                ; --          ; auto_signaltap_0                  ;
; SLD_NODE_PARAMETER_ASSIGNMENT       ; SLD_RAM_PIPELINE=0                            ; --                ; --          ; auto_signaltap_0                  ;
; SLD_NODE_PARAMETER_ASSIGNMENT       ; SLD_COUNTER_PIPELINE=0                        ; --                ; --          ; auto_signaltap_0                  ;
; SLD_NODE_PARAMETER_ASSIGNMENT       ; SLD_ADVANCED_TRIGGER_ENTITY=basic,1,          ; --                ; --          ; auto_signaltap_0                  ;
; SLD_NODE_PARAMETER_ASSIGNMENT       ; SLD_TRIGGER_LEVEL_PIPELINE=1                  ; --                ; --          ; auto_signaltap_0                  ;
; SLD_NODE_PARAMETER_ASSIGNMENT       ; SLD_ENABLE_ADVANCED_TRIGGER=0                 ; --                ; --          ; auto_signaltap_0                  ;
; SLD_NODE_PARAMETER_ASSIGNMENT       ; SLD_DATA_BITS=78                              ; --                ; --          ; auto_signaltap_0                  ;
; SLD_NODE_PARAMETER_ASSIGNMENT       ; SLD_TRIGGER_BITS=1                            ; --                ; --          ; auto_signaltap_0                  ;
; SLD_NODE_PARAMETER_ASSIGNMENT       ; SLD_STORAGE_QUALIFIER_BITS=78                 ; --                ; --          ; auto_signaltap_0                  ;
; SLD_NODE_PARAMETER_ASSIGNMENT       ; SLD_TRIGGER_IN_ENABLED=0                      ; --                ; --          ; auto_signaltap_0                  ;
; SLD_NODE_PARAMETER_ASSIGNMENT       ; SLD_INVERSION_MASK=00000000000000000000000000 ; --                ; --          ; auto_signaltap_0                  ;
; SLD_NODE_PARAMETER_ASSIGNMENT       ; SLD_INVERSION_MASK_LENGTH=26                  ; --                ; --          ; auto_signaltap_0                  ;
; SLD_NODE_PARAMETER_ASSIGNMENT       ; SLD_SEGMENT_SIZE=512                          ; --                ; --          ; auto_signaltap_0                  ;
; SLD_NODE_PARAMETER_ASSIGNMENT       ; SLD_SAMPLE_DEPTH=512                          ; --                ; --          ; auto_signaltap_0                  ;
; TOP_LEVEL_ENTITY                    ; top_4                                         ; pruebas_algoritmo ; --          ; --                                ;
; USE_SIGNALTAP_FILE                  ; stp1.stp                                      ; --                ; --          ; --                                ;
; VHDL_INPUT_VERSION                  ; VHDL_2008                                     ; VHDL_1993         ; --          ; --                                ;
; VHDL_SHOW_LMF_MAPPING_MESSAGES      ; Off                                           ; --                ; --          ; --                                ;
+-------------------------------------+-----------------------------------------------+-------------------+-------------+-----------------------------------+


+--------------------------------------------------------------------------------------------------------------------------+
; Flow Elapsed Time                                                                                                        ;
+----------------------+--------------+-------------------------+---------------------+------------------------------------+
; Module Name          ; Elapsed Time ; Average Processors Used ; Peak Virtual Memory ; Total CPU Time (on all processors) ;
+----------------------+--------------+-------------------------+---------------------+------------------------------------+
; Analysis & Synthesis ; 00:00:14     ; 1.0                     ; 4908 MB             ; 00:00:15                           ;
; Fitter               ; 00:00:08     ; 1.1                     ; 6321 MB             ; 00:00:09                           ;
; Assembler            ; 00:00:03     ; 1.0                     ; 4711 MB             ; 00:00:02                           ;
; Timing Analyzer      ; 00:00:02     ; 1.2                     ; 4955 MB             ; 00:00:01                           ;
; EDA Netlist Writer   ; 00:00:01     ; 1.0                     ; 4661 MB             ; 00:00:01                           ;
; Total                ; 00:00:28     ; --                      ; --                  ; 00:00:28                           ;
+----------------------+--------------+-------------------------+---------------------+------------------------------------+


+------------------------------------------------------------------------------------+
; Flow OS Summary                                                                    ;
+----------------------+------------------+------------+------------+----------------+
; Module Name          ; Machine Hostname ; OS Name    ; OS Version ; Processor type ;
+----------------------+------------------+------------+------------+----------------+
; Analysis & Synthesis ; DESKTOP-7HK4TPK  ; Windows 10 ; 10.0       ; x86_64         ;
; Fitter               ; DESKTOP-7HK4TPK  ; Windows 10 ; 10.0       ; x86_64         ;
; Assembler            ; DESKTOP-7HK4TPK  ; Windows 10 ; 10.0       ; x86_64         ;
; Timing Analyzer      ; DESKTOP-7HK4TPK  ; Windows 10 ; 10.0       ; x86_64         ;
; EDA Netlist Writer   ; DESKTOP-7HK4TPK  ; Windows 10 ; 10.0       ; x86_64         ;
+----------------------+------------------+------------+------------+----------------+


------------
; Flow Log ;
------------
quartus_map --read_settings_files=on --write_settings_files=off pruebas_algoritmo -c pruebas_algoritmo
quartus_fit --read_settings_files=off --write_settings_files=off pruebas_algoritmo -c pruebas_algoritmo
quartus_asm --read_settings_files=off --write_settings_files=off pruebas_algoritmo -c pruebas_algoritmo
quartus_sta pruebas_algoritmo -c pruebas_algoritmo
quartus_eda --read_settings_files=off --write_settings_files=off pruebas_algoritmo -c pruebas_algoritmo



