Flow report for Sram_CIC
Fri Aug  9 15:33:32 2024
Quartus Prime Version 23.1std.0 Build 991 11/28/2023 SC Lite Edition


---------------------
; Table of Contents ;
---------------------
  1. Legal Notice
  2. Flow Summary
  3. Flow Settings
  4. Flow Non-Default Global Settings
  5. Flow Elapsed Time
  6. Flow OS Summary
  7. Flow Log
  8. Flow Messages
  9. Flow Suppressed Messages



----------------
; Legal Notice ;
----------------
Copyright (C) 2023  Intel Corporation. All rights reserved.
Your use of Intel Corporation's design tools, logic functions 
and other software and tools, and any partner logic 
functions, and any output files from any of the foregoing 
(including device programming or simulation files), and any 
associated documentation or information are expressly subject 
to the terms and conditions of the Intel Program License 
Subscription Agreement, the Intel Quartus Prime License Agreement,
the Intel FPGA IP License Agreement, or other applicable license
agreement, including, without limitation, that your use is for
the sole purpose of programming logic devices manufactured by
Intel and sold by Intel or its authorized distributors.  Please
refer to the applicable agreement for further details, at
https://fpgasoftware.intel.com/eula.



+-------------------------------------------------------------------------------------+
; Flow Summary                                                                        ;
+------------------------------------+------------------------------------------------+
; Flow Status                        ; Successful - Fri Aug  9 15:33:32 2024          ;
; Quartus Prime Version              ; 23.1std.0 Build 991 11/28/2023 SC Lite Edition ;
; Revision Name                      ; Sram_CIC                                       ;
; Top-level Entity Name              ; todo_junto_optimizado                          ;
; Family                             ; Cyclone IV E                                   ;
; Device                             ; EP4CE115F29C7                                  ;
; Timing Models                      ; Final                                          ;
; Total logic elements               ; 337 / 114,480 ( < 1 % )                        ;
;     Total combinational functions  ; 271 / 114,480 ( < 1 % )                        ;
;     Dedicated logic registers      ; 238 / 114,480 ( < 1 % )                        ;
; Total registers                    ; 238                                            ;
; Total pins                         ; 109 / 529 ( 21 % )                             ;
; Total virtual pins                 ; 0                                              ;
; Total memory bits                  ; 0 / 3,981,312 ( 0 % )                          ;
; Embedded Multiplier 9-bit elements ; 0 / 532 ( 0 % )                                ;
; Total PLLs                         ; 0 / 4 ( 0 % )                                  ;
+------------------------------------+------------------------------------------------+


+-----------------------------------------+
; Flow Settings                           ;
+-------------------+---------------------+
; Option            ; Setting             ;
+-------------------+---------------------+
; Start date & time ; 08/09/2024 15:32:30 ;
; Main task         ; Compilation         ;
; Revision Name     ; Sram_CIC            ;
+-------------------+---------------------+


+----------------------------------------------------------------------------------------------------------------------------------------------------------+
; Flow Non-Default Global Settings                                                                                                                         ;
+-------------------------------------+----------------------------------------+---------------+-----------------------+-----------------------------------+
; Assignment Name                     ; Value                                  ; Default Value ; Entity Name           ; Section Id                        ;
+-------------------------------------+----------------------------------------+---------------+-----------------------+-----------------------------------+
; COMPILER_SIGNATURE_ID               ; 237561505443343.172322835007568        ; --            ; --                    ; --                                ;
; EDA_GENERATE_FUNCTIONAL_NETLIST     ; Off                                    ; --            ; --                    ; eda_board_design_timing           ;
; EDA_GENERATE_FUNCTIONAL_NETLIST     ; Off                                    ; --            ; --                    ; eda_board_design_boundary_scan    ;
; EDA_GENERATE_FUNCTIONAL_NETLIST     ; Off                                    ; --            ; --                    ; eda_board_design_signal_integrity ;
; EDA_GENERATE_FUNCTIONAL_NETLIST     ; Off                                    ; --            ; --                    ; eda_board_design_symbol           ;
; EDA_OUTPUT_DATA_FORMAT              ; Verilog Hdl                            ; --            ; --                    ; eda_simulation                    ;
; EDA_SIMULATION_TOOL                 ; Questa Intel FPGA (Verilog)            ; <None>        ; --                    ; --                                ;
; EDA_TIME_SCALE                      ; 1 ps                                   ; --            ; --                    ; eda_simulation                    ;
; MAX_CORE_JUNCTION_TEMP              ; 85                                     ; --            ; --                    ; --                                ;
; MIN_CORE_JUNCTION_TEMP              ; 0                                      ; --            ; --                    ; --                                ;
; PARTITION_COLOR                     ; -- (Not supported for targeted family) ; --            ; todo_junto_optimizado ; Top                               ;
; PARTITION_FITTER_PRESERVATION_LEVEL ; -- (Not supported for targeted family) ; --            ; todo_junto_optimizado ; Top                               ;
; PARTITION_NETLIST_TYPE              ; -- (Not supported for targeted family) ; --            ; todo_junto_optimizado ; Top                               ;
; POWER_BOARD_THERMAL_MODEL           ; None (CONSERVATIVE)                    ; --            ; --                    ; --                                ;
; POWER_PRESET_COOLING_SOLUTION       ; 23 MM HEAT SINK WITH 200 LFPM AIRFLOW  ; --            ; --                    ; --                                ;
; PROJECT_OUTPUT_DIRECTORY            ; output_files                           ; --            ; --                    ; --                                ;
; TOP_LEVEL_ENTITY                    ; todo_junto_optimizado                  ; Sram_CIC      ; --                    ; --                                ;
; VHDL_INPUT_VERSION                  ; VHDL_2008                              ; VHDL_1993     ; --                    ; --                                ;
; VHDL_SHOW_LMF_MAPPING_MESSAGES      ; Off                                    ; --            ; --                    ; --                                ;
+-------------------------------------+----------------------------------------+---------------+-----------------------+-----------------------------------+


+--------------------------------------------------------------------------------------------------------------------------+
; Flow Elapsed Time                                                                                                        ;
+----------------------+--------------+-------------------------+---------------------+------------------------------------+
; Module Name          ; Elapsed Time ; Average Processors Used ; Peak Virtual Memory ; Total CPU Time (on all processors) ;
+----------------------+--------------+-------------------------+---------------------+------------------------------------+
; Analysis & Synthesis ; 00:00:17     ; 1.0                     ; 4794 MB             ; 00:00:40                           ;
; Fitter               ; 00:00:27     ; 1.0                     ; 5431 MB             ; 00:00:38                           ;
; Assembler            ; 00:00:05     ; 1.0                     ; 4701 MB             ; 00:00:04                           ;
; Timing Analyzer      ; 00:00:05     ; 1.0                     ; 4838 MB             ; 00:00:05                           ;
; EDA Netlist Writer   ; 00:00:01     ; 1.0                     ; 4641 MB             ; 00:00:01                           ;
; Total                ; 00:00:55     ; --                      ; --                  ; 00:01:28                           ;
+----------------------+--------------+-------------------------+---------------------+------------------------------------+


+------------------------------------------------------------------------------------+
; Flow OS Summary                                                                    ;
+----------------------+------------------+------------+------------+----------------+
; Module Name          ; Machine Hostname ; OS Name    ; OS Version ; Processor type ;
+----------------------+------------------+------------+------------+----------------+
; Analysis & Synthesis ; DESKTOP-M6HRPVT  ; Windows 10 ; 10.0       ; x86_64         ;
; Fitter               ; DESKTOP-M6HRPVT  ; Windows 10 ; 10.0       ; x86_64         ;
; Assembler            ; DESKTOP-M6HRPVT  ; Windows 10 ; 10.0       ; x86_64         ;
; Timing Analyzer      ; DESKTOP-M6HRPVT  ; Windows 10 ; 10.0       ; x86_64         ;
; EDA Netlist Writer   ; DESKTOP-M6HRPVT  ; Windows 10 ; 10.0       ; x86_64         ;
+----------------------+------------------+------------+------------+----------------+


------------
; Flow Log ;
------------
quartus_map --read_settings_files=on --write_settings_files=off Sram_CIC -c Sram_CIC
quartus_fit --read_settings_files=off --write_settings_files=off Sram_CIC -c Sram_CIC
quartus_asm --read_settings_files=off --write_settings_files=off Sram_CIC -c Sram_CIC
quartus_sta Sram_CIC -c Sram_CIC
quartus_eda --read_settings_files=off --write_settings_files=off Sram_CIC -c Sram_CIC



