* ******************************************************************************

* iCEcube Placer

* Version:            2020.12.27943

* Build Date:         Dec  9 2020 17:55:50

* File Generated:     Oct 3 2024 21:24:43

* Purpose:            

* Copyright (C) 2006-2010 by Lattice Semiconductor Corp. All rights reserved.

* ******************************************************************************

Executing : D:\Programador_fpga\iCEcube2\sbt_backend\bin\win32\opt\sbtplacer.exe --des-lib C:/Users/Gaspar/Desktop/prog_FPGA/anda_plis/anda_plis_Implmnt\sbt\netlist\oadb-anda_plis --outdir C:/Users/Gaspar/Desktop/prog_FPGA/anda_plis/anda_plis_Implmnt\sbt\outputs\placer --device-file D:\Programador_fpga\iCEcube2\sbt_backend\devices\ICE40P04.dev --package TQ144 --deviceMarketName iCE40HX4K --sdc-file C:/Users/Gaspar/Desktop/prog_FPGA/anda_plis/anda_plis_Implmnt\sbt\Temp/sbt_temp.sdc --lib-file D:\Programador_fpga\iCEcube2\sbt_backend\devices\ice40HX8K.lib --effort_level std --out-sdc-file C:/Users/Gaspar/Desktop/prog_FPGA/anda_plis/anda_plis_Implmnt\sbt\outputs\placer\anda_plis_pl.sdc
I2004: Option and Settings Summary
=============================================================
Device file          - D:\Programador_fpga\iCEcube2\sbt_backend\devices\ICE40P04.dev
Package              - TQ144
Design database      - C:/Users/Gaspar/Desktop/prog_FPGA/anda_plis/anda_plis_Implmnt\sbt\netlist\oadb-anda_plis
SDC file             - C:/Users/Gaspar/Desktop/prog_FPGA/anda_plis/anda_plis_Implmnt\sbt\Temp/sbt_temp.sdc
Output directory     - C:/Users/Gaspar/Desktop/prog_FPGA/anda_plis/anda_plis_Implmnt\sbt\outputs\placer
Timing library       - D:\Programador_fpga\iCEcube2\sbt_backend\devices\ice40HX8K.lib
Effort level         - std

I2050: Starting reading inputs for placer
=============================================================
I2100: Reading design library: C:/Users/Gaspar/Desktop/prog_FPGA/anda_plis/anda_plis_Implmnt\sbt\netlist\oadb-anda_plis/BFPGA_DESIGN_ep
I2065: Reading device file : D:\Programador_fpga\iCEcube2\sbt_backend\devices\ICE40P04.dev
I2051: Reading of inputs for placer completed successfully

I2053: Starting placement of the design
=============================================================

Input Design Statistics
    Number of LUTs      	:	569
    Number of DFFs      	:	223
    Number of DFFs packed to IO	:	0
    Number of Carrys    	:	89
    Number of RAMs      	:	1
    Number of ROMs      	:	0
    Number of IOs       	:	4
    Number of GBIOs     	:	0
    Number of GBs       	:	3
    Number of WarmBoot  	:	0
    Number of PLLs      	:	0


Phase 1
I2077: Start design legalization

Design Legalization Statistics
    Number of feedthru LUTs inserted to legalize input of DFFs     	:	36
    Number of feedthru LUTs inserted for LUTs driving multiple DFFs	:	0
    Number of LUTs replicated for LUTs driving multiple DFFs       	:	12
    Number of feedthru LUTs inserted to legalize output of CARRYs  	:	7
    Number of feedthru LUTs inserted to legalize global signals    	:	0
    Number of feedthru CARRYs inserted to legalize input of CARRYs 	:	0
    Number of inserted LUTs to Legalize IOs with PIN_TYPE= 01xxxx  	:	0
    Number of inserted LUTs to Legalize IOs with PIN_TYPE= 10xxxx  	:	0
    Number of inserted LUTs to Legalize IOs with PIN_TYPE= 11xxxx  	:	0
    Total LUTs inserted                                            	:	55
    Total CARRYs inserted                                          	:	0


I2078: Design legalization is completed successfully
I2088: Phase 1, elapsed time : 0.0 (sec)


Phase 2
I2088: Phase 2, elapsed time : 0.0 (sec)

Phase 3

Design Statistics after Packing
    Number of LUTs      	:	625
    Number of DFFs      	:	223
    Number of DFFs packed to IO	:	0
    Number of Carrys    	:	89

Device Utilization Summary after Packing
    Sequential LogicCells
        LUT and DFF      	:	211
        LUT, DFF and CARRY	:	12
    Combinational LogicCells
        Only LUT         	:	365
        CARRY Only       	:	40
        LUT with CARRY   	:	37
    LogicCells                  :	665/3520
    PLBs                        :	98/440
    BRAMs                       :	1/20
    IOs and GBIOs               :	4/107
    PLLs                        :	0/2


I2088: Phase 3, elapsed time : 0.6 (sec)

Phase 4
I2088: Phase 4, elapsed time : 0.1 (sec)

Phase 5
I2088: Phase 5, elapsed time : 1.6 (sec)

Phase 6
I2088: Phase 6, elapsed time : 26.6 (sec)

Final Design Statistics
    Number of LUTs      	:	625
    Number of DFFs      	:	223
    Number of DFFs packed to IO	:	0
    Number of Carrys    	:	89
    Number of RAMs      	:	1
    Number of ROMs      	:	0
    Number of IOs       	:	4
    Number of GBIOs     	:	0
    Number of GBs       	:	3
    Number of WarmBoot  	:	0
    Number of PLLs      	:	0

Device Utilization Summary
    LogicCells                  :	665/3520
    PLBs                        :	111/440
    BRAMs                       :	1/20
    IOs and GBIOs               :	4/107
    PLLs                        :	0/2



#####################################################################
Placement Timing Summary

The timing summary is based on estimated routing delays after
placement. For final timing report, please carry out the timing
analysis after routing.
=====================================================================

#####################################################################
                     Clock Summary 
=====================================================================
Number of clocks: 1
Clock: anda_plis|clk | Frequency: 94.58 MHz | Target: 89.93 MHz

=====================================================================
                     End of Clock Summary
#####################################################################

I2054: Placement of design completed successfully

I2076: Placer run-time: 29.3 sec.

