Analysis & Synthesis report for Pruebas_ram
Tue Sep 17 14:48:38 2024
Quartus Prime Version 23.1std.0 Build 991 11/28/2023 SC Lite Edition


---------------------
; Table of Contents ;
---------------------
  1. Legal Notice
  2. Analysis & Synthesis Summary
  3. Analysis & Synthesis Settings
  4. Parallel Compilation
  5. Analysis & Synthesis Source Files Read
  6. Analysis & Synthesis Resource Usage Summary
  7. Analysis & Synthesis Resource Utilization by Entity
  8. Analysis & Synthesis RAM Summary
  9. State Machine - |Pruebas_ram|escritura_lectura:inst2|state
 10. Registers Removed During Synthesis
 11. General Register Statistics
 12. Registers Packed Into Inferred Megafunctions
 13. Multiplexer Restructuring Statistics (Restructuring Performed)
 14. Source assignments for Ram_grande_rtl:inst1|Syncore_ram:U1|altsyncram:mem_rtl_0|altsyncram_jg81:auto_generated
 15. Parameter Settings for User Entity Instance: Ram_grande_rtl:inst1
 16. Parameter Settings for User Entity Instance: Ram_grande_rtl:inst1|Syncore_ram:U1
 17. Parameter Settings for Inferred Entity Instance: Ram_grande_rtl:inst1|Syncore_ram:U1|altsyncram:mem_rtl_0
 18. altsyncram Parameter Settings by Entity Instance
 19. Port Connectivity Checks: "Ram_grande_rtl:inst1|Syncore_ram:U1"
 20. Post-Synthesis Netlist Statistics for Top Partition
 21. Elapsed Time Per Partition
 22. Analysis & Synthesis Messages
 23. Analysis & Synthesis Suppressed Messages



----------------
; Legal Notice ;
----------------
Copyright (C) 2023  Intel Corporation. All rights reserved.
Your use of Intel Corporation's design tools, logic functions 
and other software and tools, and any partner logic 
functions, and any output files from any of the foregoing 
(including device programming or simulation files), and any 
associated documentation or information are expressly subject 
to the terms and conditions of the Intel Program License 
Subscription Agreement, the Intel Quartus Prime License Agreement,
the Intel FPGA IP License Agreement, or other applicable license
agreement, including, without limitation, that your use is for
the sole purpose of programming logic devices manufactured by
Intel and sold by Intel or its authorized distributors.  Please
refer to the applicable agreement for further details, at
https://fpgasoftware.intel.com/eula.



+-------------------------------------------------------------------------------------+
; Analysis & Synthesis Summary                                                        ;
+------------------------------------+------------------------------------------------+
; Analysis & Synthesis Status        ; Successful - Tue Sep 17 14:48:38 2024          ;
; Quartus Prime Version              ; 23.1std.0 Build 991 11/28/2023 SC Lite Edition ;
; Revision Name                      ; Pruebas_ram                                    ;
; Top-level Entity Name              ; Pruebas_ram                                    ;
; Family                             ; Cyclone IV E                                   ;
; Total logic elements               ; 48                                             ;
;     Total combinational functions  ; 48                                             ;
;     Dedicated logic registers      ; 28                                             ;
; Total registers                    ; 28                                             ;
; Total pins                         ; 28                                             ;
; Total virtual pins                 ; 0                                              ;
; Total memory bits                  ; 22,528                                         ;
; Embedded Multiplier 9-bit elements ; 0                                              ;
; Total PLLs                         ; 0                                              ;
+------------------------------------+------------------------------------------------+


+------------------------------------------------------------------------------------------------------------+
; Analysis & Synthesis Settings                                                                              ;
+------------------------------------------------------------------+--------------------+--------------------+
; Option                                                           ; Setting            ; Default Value      ;
+------------------------------------------------------------------+--------------------+--------------------+
; Device                                                           ; EP4CE115F29C7      ;                    ;
; Top-level entity name                                            ; Pruebas_ram        ; Pruebas_ram        ;
; Family name                                                      ; Cyclone IV E       ; Cyclone V          ;
; VHDL Show LMF Mapping Messages                                   ; Off                ;                    ;
; VHDL Version                                                     ; VHDL_2008          ; VHDL_1993          ;
; Use smart compilation                                            ; Off                ; Off                ;
; Enable parallel Assembler and Timing Analyzer during compilation ; On                 ; On                 ;
; Enable compact report table                                      ; Off                ; Off                ;
; Restructure Multiplexers                                         ; Auto               ; Auto               ;
; Create Debugging Nodes for IP Cores                              ; Off                ; Off                ;
; Preserve fewer node names                                        ; On                 ; On                 ;
; Intel FPGA IP Evaluation Mode                                    ; Enable             ; Enable             ;
; Verilog Version                                                  ; Verilog_2001       ; Verilog_2001       ;
; State Machine Processing                                         ; Auto               ; Auto               ;
; Safe State Machine                                               ; Off                ; Off                ;
; Extract Verilog State Machines                                   ; On                 ; On                 ;
; Extract VHDL State Machines                                      ; On                 ; On                 ;
; Ignore Verilog initial constructs                                ; Off                ; Off                ;
; Iteration limit for constant Verilog loops                       ; 5000               ; 5000               ;
; Iteration limit for non-constant Verilog loops                   ; 250                ; 250                ;
; Add Pass-Through Logic to Inferred RAMs                          ; On                 ; On                 ;
; Infer RAMs from Raw Logic                                        ; On                 ; On                 ;
; Parallel Synthesis                                               ; On                 ; On                 ;
; DSP Block Balancing                                              ; Auto               ; Auto               ;
; NOT Gate Push-Back                                               ; On                 ; On                 ;
; Power-Up Don't Care                                              ; On                 ; On                 ;
; Remove Redundant Logic Cells                                     ; Off                ; Off                ;
; Remove Duplicate Registers                                       ; On                 ; On                 ;
; Ignore CARRY Buffers                                             ; Off                ; Off                ;
; Ignore CASCADE Buffers                                           ; Off                ; Off                ;
; Ignore GLOBAL Buffers                                            ; Off                ; Off                ;
; Ignore ROW GLOBAL Buffers                                        ; Off                ; Off                ;
; Ignore LCELL Buffers                                             ; Off                ; Off                ;
; Ignore SOFT Buffers                                              ; On                 ; On                 ;
; Limit AHDL Integers to 32 Bits                                   ; Off                ; Off                ;
; Optimization Technique                                           ; Balanced           ; Balanced           ;
; Carry Chain Length                                               ; 70                 ; 70                 ;
; Auto Carry Chains                                                ; On                 ; On                 ;
; Auto Open-Drain Pins                                             ; On                 ; On                 ;
; Perform WYSIWYG Primitive Resynthesis                            ; Off                ; Off                ;
; Auto ROM Replacement                                             ; On                 ; On                 ;
; Auto RAM Replacement                                             ; On                 ; On                 ;
; Auto DSP Block Replacement                                       ; On                 ; On                 ;
; Auto Shift Register Replacement                                  ; Auto               ; Auto               ;
; Allow Shift Register Merging across Hierarchies                  ; Auto               ; Auto               ;
; Auto Clock Enable Replacement                                    ; On                 ; On                 ;
; Strict RAM Replacement                                           ; Off                ; Off                ;
; Allow Synchronous Control Signals                                ; On                 ; On                 ;
; Force Use of Synchronous Clear Signals                           ; Off                ; Off                ;
; Auto RAM Block Balancing                                         ; On                 ; On                 ;
; Auto RAM to Logic Cell Conversion                                ; Off                ; Off                ;
; Auto Resource Sharing                                            ; Off                ; Off                ;
; Allow Any RAM Size For Recognition                               ; Off                ; Off                ;
; Allow Any ROM Size For Recognition                               ; Off                ; Off                ;
; Allow Any Shift Register Size For Recognition                    ; Off                ; Off                ;
; Use LogicLock Constraints during Resource Balancing              ; On                 ; On                 ;
; Ignore translate_off and synthesis_off directives                ; Off                ; Off                ;
; Timing-Driven Synthesis                                          ; On                 ; On                 ;
; Report Parameter Settings                                        ; On                 ; On                 ;
; Report Source Assignments                                        ; On                 ; On                 ;
; Report Connectivity Checks                                       ; On                 ; On                 ;
; Ignore Maximum Fan-Out Assignments                               ; Off                ; Off                ;
; Synchronization Register Chain Length                            ; 2                  ; 2                  ;
; Power Optimization During Synthesis                              ; Normal compilation ; Normal compilation ;
; HDL message level                                                ; Level2             ; Level2             ;
; Suppress Register Optimization Related Messages                  ; Off                ; Off                ;
; Number of Removed Registers Reported in Synthesis Report         ; 5000               ; 5000               ;
; Number of Swept Nodes Reported in Synthesis Report               ; 5000               ; 5000               ;
; Number of Inverted Registers Reported in Synthesis Report        ; 100                ; 100                ;
; Clock MUX Protection                                             ; On                 ; On                 ;
; Auto Gated Clock Conversion                                      ; Off                ; Off                ;
; Block Design Naming                                              ; Auto               ; Auto               ;
; SDC constraint protection                                        ; Off                ; Off                ;
; Synthesis Effort                                                 ; Auto               ; Auto               ;
; Shift Register Replacement - Allow Asynchronous Clear Signal     ; On                 ; On                 ;
; Pre-Mapping Resynthesis Optimization                             ; Off                ; Off                ;
; Analysis & Synthesis Message Level                               ; Medium             ; Medium             ;
; Disable Register Merging Across Hierarchies                      ; Auto               ; Auto               ;
; Resource Aware Inference For Block RAM                           ; On                 ; On                 ;
+------------------------------------------------------------------+--------------------+--------------------+


+------------------------------------------+
; Parallel Compilation                     ;
+----------------------------+-------------+
; Processors                 ; Number      ;
+----------------------------+-------------+
; Number detected on machine ; 12          ;
; Maximum allowed            ; 12          ;
;                            ;             ;
; Average used               ; 1.00        ;
; Maximum used               ; 12          ;
;                            ;             ;
; Usage by Processor         ; % Time Used ;
;     Processor 1            ; 100.0%      ;
;     Processors 2-12        ;   0.0%      ;
+----------------------------+-------------+


+-------------------------------------------------------------------------------------------------------------------------------------------------------------------------------------------------------------------------------------+
; Analysis & Synthesis Source Files Read                                                                                                                                                                                              ;
+----------------------------------------------------------------+-----------------+------------------------------------+---------------------------------------------------------------------------------------------------+---------+
; File Name with User-Entered Path                               ; Used in Netlist ; File Type                          ; File Name with Absolute Path                                                                      ; Library ;
+----------------------------------------------------------------+-----------------+------------------------------------+---------------------------------------------------------------------------------------------------+---------+
; ../../../../../Desktop/test_ram/test_ram/ip_core/syncore_ram.v ; yes             ; User Verilog HDL File              ; C:/Users/Gaspar/Desktop/test_ram/test_ram/ip_core/syncore_ram.v                                   ;         ;
; ../../../../../Desktop/test_ram/test_ram/ip_core/Ram_grande.v  ; yes             ; User Verilog HDL File              ; C:/Users/Gaspar/Desktop/test_ram/test_ram/ip_core/Ram_grande.v                                    ;         ;
; Pruebas_ram.bdf                                                ; yes             ; User Block Diagram/Schematic File  ; C:/Users/Gaspar/Documents/GitHub/Proyecto_Final_DOME/Pruebas/Ram_CIAA_FPGA/Pruebas_ram.bdf        ;         ;
; escritura_lectura.vhd                                          ; yes             ; User VHDL File                     ; C:/Users/Gaspar/Documents/GitHub/Proyecto_Final_DOME/Pruebas/Ram_CIAA_FPGA/escritura_lectura.vhd  ;         ;
; altsyncram.tdf                                                 ; yes             ; Megafunction                       ; c:/intelfpga_lite/23.1std/quartus/libraries/megafunctions/altsyncram.tdf                          ;         ;
; stratix_ram_block.inc                                          ; yes             ; Megafunction                       ; c:/intelfpga_lite/23.1std/quartus/libraries/megafunctions/stratix_ram_block.inc                   ;         ;
; lpm_mux.inc                                                    ; yes             ; Megafunction                       ; c:/intelfpga_lite/23.1std/quartus/libraries/megafunctions/lpm_mux.inc                             ;         ;
; lpm_decode.inc                                                 ; yes             ; Megafunction                       ; c:/intelfpga_lite/23.1std/quartus/libraries/megafunctions/lpm_decode.inc                          ;         ;
; aglobal231.inc                                                 ; yes             ; Megafunction                       ; c:/intelfpga_lite/23.1std/quartus/libraries/megafunctions/aglobal231.inc                          ;         ;
; a_rdenreg.inc                                                  ; yes             ; Megafunction                       ; c:/intelfpga_lite/23.1std/quartus/libraries/megafunctions/a_rdenreg.inc                           ;         ;
; altrom.inc                                                     ; yes             ; Megafunction                       ; c:/intelfpga_lite/23.1std/quartus/libraries/megafunctions/altrom.inc                              ;         ;
; altram.inc                                                     ; yes             ; Megafunction                       ; c:/intelfpga_lite/23.1std/quartus/libraries/megafunctions/altram.inc                              ;         ;
; altdpram.inc                                                   ; yes             ; Megafunction                       ; c:/intelfpga_lite/23.1std/quartus/libraries/megafunctions/altdpram.inc                            ;         ;
; db/altsyncram_jg81.tdf                                         ; yes             ; Auto-Generated Megafunction        ; C:/Users/Gaspar/Documents/GitHub/Proyecto_Final_DOME/Pruebas/Ram_CIAA_FPGA/db/altsyncram_jg81.tdf ;         ;
+----------------------------------------------------------------+-----------------+------------------------------------+---------------------------------------------------------------------------------------------------+---------+


+---------------------------------------------------------+
; Analysis & Synthesis Resource Usage Summary             ;
+---------------------------------------------+-----------+
; Resource                                    ; Usage     ;
+---------------------------------------------+-----------+
; Estimated Total logic elements              ; 48        ;
;                                             ;           ;
; Total combinational functions               ; 48        ;
; Logic element usage by number of LUT inputs ;           ;
;     -- 4 input functions                    ; 8         ;
;     -- 3 input functions                    ; 16        ;
;     -- <=2 input functions                  ; 24        ;
;                                             ;           ;
; Logic elements by mode                      ;           ;
;     -- normal mode                          ; 29        ;
;     -- arithmetic mode                      ; 19        ;
;                                             ;           ;
; Total registers                             ; 28        ;
;     -- Dedicated logic registers            ; 28        ;
;     -- I/O registers                        ; 0         ;
;                                             ;           ;
; I/O pins                                    ; 28        ;
; Total memory bits                           ; 22528     ;
;                                             ;           ;
; Embedded Multiplier 9-bit elements          ; 0         ;
;                                             ;           ;
; Maximum fan-out node                        ; clk~input ;
; Maximum fan-out                             ; 39        ;
; Total fan-out                               ; 447       ;
; Average fan-out                             ; 3.13      ;
+---------------------------------------------+-----------+


+-------------------------------------------------------------------------------------------------------------------------------------------------------------------------------------------------------------------------------------------------------------------------------------------------------------------+
; Analysis & Synthesis Resource Utilization by Entity                                                                                                                                                                                                                                                               ;
+----------------------------------------------+---------------------+---------------------------+-------------+--------------+---------+-----------+------+--------------+------------------------------------------------------------------------------------------------------+-------------------+--------------+
; Compilation Hierarchy Node                   ; Combinational ALUTs ; Dedicated Logic Registers ; Memory Bits ; DSP Elements ; DSP 9x9 ; DSP 18x18 ; Pins ; Virtual Pins ; Full Hierarchy Name                                                                                  ; Entity Name       ; Library Name ;
+----------------------------------------------+---------------------+---------------------------+-------------+--------------+---------+-----------+------+--------------+------------------------------------------------------------------------------------------------------+-------------------+--------------+
; |Pruebas_ram                                 ; 48 (0)              ; 28 (0)                    ; 22528       ; 0            ; 0       ; 0         ; 28   ; 0            ; |Pruebas_ram                                                                                         ; Pruebas_ram       ; work         ;
;    |Ram_grande_rtl:inst1|                    ; 0 (0)               ; 0 (0)                     ; 22528       ; 0            ; 0       ; 0         ; 0    ; 0            ; |Pruebas_ram|Ram_grande_rtl:inst1                                                                    ; Ram_grande_rtl    ; work         ;
;       |Syncore_ram:U1|                       ; 0 (0)               ; 0 (0)                     ; 22528       ; 0            ; 0       ; 0         ; 0    ; 0            ; |Pruebas_ram|Ram_grande_rtl:inst1|Syncore_ram:U1                                                     ; Syncore_ram       ; work         ;
;          |altsyncram:mem_rtl_0|              ; 0 (0)               ; 0 (0)                     ; 22528       ; 0            ; 0       ; 0         ; 0    ; 0            ; |Pruebas_ram|Ram_grande_rtl:inst1|Syncore_ram:U1|altsyncram:mem_rtl_0                                ; altsyncram        ; work         ;
;             |altsyncram_jg81:auto_generated| ; 0 (0)               ; 0 (0)                     ; 22528       ; 0            ; 0       ; 0         ; 0    ; 0            ; |Pruebas_ram|Ram_grande_rtl:inst1|Syncore_ram:U1|altsyncram:mem_rtl_0|altsyncram_jg81:auto_generated ; altsyncram_jg81   ; work         ;
;    |escritura_lectura:inst2|                 ; 48 (48)             ; 28 (28)                   ; 0           ; 0            ; 0       ; 0         ; 0    ; 0            ; |Pruebas_ram|escritura_lectura:inst2                                                                 ; escritura_lectura ; work         ;
+----------------------------------------------+---------------------+---------------------------+-------------+--------------+---------+-----------+------+--------------+------------------------------------------------------------------------------------------------------+-------------------+--------------+
Note: For table entries with two numbers listed, the numbers in parentheses indicate the number of resources of the given type used by the specific entity alone. The numbers listed outside of parentheses indicate the total resources of the given type used by the specific entity and all of its sub-entities in the hierarchy.


+----------------------------------------------------------------------------------------------------------------------------------------------------------------------------------------------------+
; Analysis & Synthesis RAM Summary                                                                                                                                                                   ;
+----------------------------------------------------------------------------------------------------+------+-------------+--------------+--------------+--------------+--------------+-------+------+
; Name                                                                                               ; Type ; Mode        ; Port A Depth ; Port A Width ; Port B Depth ; Port B Width ; Size  ; MIF  ;
+----------------------------------------------------------------------------------------------------+------+-------------+--------------+--------------+--------------+--------------+-------+------+
; Ram_grande_rtl:inst1|Syncore_ram:U1|altsyncram:mem_rtl_0|altsyncram_jg81:auto_generated|ALTSYNCRAM ; AUTO ; Single Port ; 2048         ; 11           ; --           ; --           ; 22528 ; None ;
+----------------------------------------------------------------------------------------------------+------+-------------+--------------+--------------+--------------+--------------+-------+------+


Encoding Type:  One-Hot
+------------------------------------------------------------------------------------------------------------------+
; State Machine - |Pruebas_ram|escritura_lectura:inst2|state                                                       ;
+--------------------+-------------------+------------------+---------------+-----------------+--------------------+
; Name               ; state.boton_press ; state.cambio_dir ; state.lectura ; state.escritura ; state.dir_y_enable ;
+--------------------+-------------------+------------------+---------------+-----------------+--------------------+
; state.dir_y_enable ; 0                 ; 0                ; 0             ; 0               ; 0                  ;
; state.escritura    ; 0                 ; 0                ; 0             ; 1               ; 1                  ;
; state.lectura      ; 0                 ; 0                ; 1             ; 0               ; 1                  ;
; state.cambio_dir   ; 0                 ; 1                ; 0             ; 0               ; 1                  ;
; state.boton_press  ; 1                 ; 0                ; 0             ; 0               ; 1                  ;
+--------------------+-------------------+------------------+---------------+-----------------+--------------------+


+-----------------------------------------------------------------------------+
; Registers Removed During Synthesis                                          ;
+--------------------------------------------------------+--------------------+
; Register name                                          ; Reason for Removal ;
+--------------------------------------------------------+--------------------+
; Ram_grande_rtl:inst1|Syncore_ram:U1|AddrRegPort[0..10] ; Lost fanout        ;
; escritura_lectura:inst2|contador_dato[11]              ; Lost fanout        ;
; Total Number of Removed Registers = 12                 ;                    ;
+--------------------------------------------------------+--------------------+


+------------------------------------------------------+
; General Register Statistics                          ;
+----------------------------------------------+-------+
; Statistic                                    ; Value ;
+----------------------------------------------+-------+
; Total registers                              ; 28    ;
; Number of registers using Synchronous Clear  ; 11    ;
; Number of registers using Synchronous Load   ; 0     ;
; Number of registers using Asynchronous Clear ; 27    ;
; Number of registers using Asynchronous Load  ; 0     ;
; Number of registers using Clock Enable       ; 21    ;
; Number of registers using Preset             ; 0     ;
+----------------------------------------------+-------+


+------------------------------------------------------------------------------------------------------------------+
; Registers Packed Into Inferred Megafunctions                                                                     ;
+-----------------------------------------------------------+-----------------------------------------------+------+
; Register Name                                             ; Megafunction                                  ; Type ;
+-----------------------------------------------------------+-----------------------------------------------+------+
; Ram_grande_rtl:inst1|Syncore_ram:U1|DataOutRegPort[0..10] ; Ram_grande_rtl:inst1|Syncore_ram:U1|mem_rtl_0 ; RAM  ;
; Ram_grande_rtl:inst1|Syncore_ram:U1|mem[0..2047][0..10]   ; Ram_grande_rtl:inst1|Syncore_ram:U1|mem_rtl_0 ; RAM  ;
+-----------------------------------------------------------+-----------------------------------------------+------+


+--------------------------------------------------------------------------------------------------------------------------------------------------------------------+
; Multiplexer Restructuring Statistics (Restructuring Performed)                                                                                                     ;
+--------------------+-----------+---------------+----------------------+------------------------+------------+------------------------------------------------------+
; Multiplexer Inputs ; Bus Width ; Baseline Area ; Area if Restructured ; Saving if Restructured ; Registered ; Example Multiplexer Output                           ;
+--------------------+-----------+---------------+----------------------+------------------------+------------+------------------------------------------------------+
; 6:1                ; 11 bits   ; 44 LEs        ; 11 LEs               ; 33 LEs                 ; Yes        ; |Pruebas_ram|escritura_lectura:inst2|dir_interna[10] ;
+--------------------+-----------+---------------+----------------------+------------------------+------------+------------------------------------------------------+


+----------------------------------------------------------------------------------------------------------------+
; Source assignments for Ram_grande_rtl:inst1|Syncore_ram:U1|altsyncram:mem_rtl_0|altsyncram_jg81:auto_generated ;
+---------------------------------+--------------------+------+--------------------------------------------------+
; Assignment                      ; Value              ; From ; To                                               ;
+---------------------------------+--------------------+------+--------------------------------------------------+
; OPTIMIZE_POWER_DURING_SYNTHESIS ; NORMAL_COMPILATION ; -    ; -                                                ;
+---------------------------------+--------------------+------+--------------------------------------------------+


+-------------------------------------------------------------------+
; Parameter Settings for User Entity Instance: Ram_grande_rtl:inst1 ;
+-------------------------+-------+---------------------------------+
; Parameter Name          ; Value ; Type                            ;
+-------------------------+-------+---------------------------------+
; DATAWIDTH               ; 11    ; Signed Integer                  ;
; ADDRWIDTH               ; 11    ; Signed Integer                  ;
; MEMDEPTH                ; 2048  ; Signed Integer                  ;
; SPRAM                   ; 1     ; Signed Integer                  ;
; READ_MODE_A             ; 1     ; Signed Integer                  ;
; READ_WRITE_A            ; 1     ; Signed Integer                  ;
; ENABLE_WR_PORTA         ; 1     ; Signed Integer                  ;
; REGISTER_RD_ADDR_PORTA  ; 0     ; Signed Integer                  ;
; REGISTER_OUTPUT_PORTA   ; 1     ; Signed Integer                  ;
; ENABLE_OUTPUT_REG_PORTA ; 0     ; Signed Integer                  ;
; RESET_OUTPUT_REG_PORTA  ; 0     ; Signed Integer                  ;
; READ_MODE_B             ; 1     ; Signed Integer                  ;
; READ_WRITE_B            ; 1     ; Signed Integer                  ;
; ENABLE_WR_PORTB         ; 0     ; Signed Integer                  ;
; REGISTER_RD_ADDR_PORTB  ; 0     ; Signed Integer                  ;
; REGISTER_OUTPUT_PORTB   ; 0     ; Signed Integer                  ;
; ENABLE_OUTPUT_REG_PORTB ; 0     ; Signed Integer                  ;
; RESET_OUTPUT_REG_PORTB  ; 0     ; Signed Integer                  ;
+-------------------------+-------+---------------------------------+
Note: In order to hide this table in the UI and the text report file, please set the "Show Parameter Settings in Synthesis Report" option in "Analysis and Synthesis Settings -> More Settings" to "Off".


+----------------------------------------------------------------------------------+
; Parameter Settings for User Entity Instance: Ram_grande_rtl:inst1|Syncore_ram:U1 ;
+-------------------------+-------+------------------------------------------------+
; Parameter Name          ; Value ; Type                                           ;
+-------------------------+-------+------------------------------------------------+
; DATAWIDTH               ; 11    ; Signed Integer                                 ;
; ADDRWIDTH               ; 11    ; Signed Integer                                 ;
; MEMDEPTH                ; 2048  ; Signed Integer                                 ;
; SPRAM                   ; 1     ; Signed Integer                                 ;
; READ_MODE_A             ; 1     ; Signed Integer                                 ;
; READ_WRITE_A            ; 1     ; Signed Integer                                 ;
; ENABLE_WR_PORTA         ; 1     ; Signed Integer                                 ;
; REGISTER_RD_ADDR_PORTA  ; 0     ; Signed Integer                                 ;
; REGISTER_OUTPUT_PORTA   ; 1     ; Signed Integer                                 ;
; ENABLE_OUTPUT_REG_PORTA ; 0     ; Signed Integer                                 ;
; RESET_OUTPUT_REG_PORTA  ; 0     ; Signed Integer                                 ;
; READ_MODE_B             ; 1     ; Signed Integer                                 ;
; READ_WRITE_B            ; 1     ; Signed Integer                                 ;
; ENABLE_WR_PORTB         ; 0     ; Signed Integer                                 ;
; REGISTER_RD_ADDR_PORTB  ; 0     ; Signed Integer                                 ;
; REGISTER_OUTPUT_PORTB   ; 0     ; Signed Integer                                 ;
; ENABLE_OUTPUT_REG_PORTB ; 0     ; Signed Integer                                 ;
; RESET_OUTPUT_REG_PORTB  ; 0     ; Signed Integer                                 ;
; TWO                     ; 2     ; Signed Integer                                 ;
; Rd_Iterations           ; 1     ; Signed Integer                                 ;
; Wr_Iterations           ; 1     ; Signed Integer                                 ;
; rd_inc                  ; 0     ; Signed Integer                                 ;
; wr_inc                  ; 0     ; Signed Integer                                 ;
+-------------------------+-------+------------------------------------------------+
Note: In order to hide this table in the UI and the text report file, please set the "Show Parameter Settings in Synthesis Report" option in "Analysis and Synthesis Settings -> More Settings" to "Off".


+-----------------------------------------------------------------------------------------------------------+
; Parameter Settings for Inferred Entity Instance: Ram_grande_rtl:inst1|Syncore_ram:U1|altsyncram:mem_rtl_0 ;
+------------------------------------+----------------------+-----------------------------------------------+
; Parameter Name                     ; Value                ; Type                                          ;
+------------------------------------+----------------------+-----------------------------------------------+
; BYTE_SIZE_BLOCK                    ; 8                    ; Untyped                                       ;
; AUTO_CARRY_CHAINS                  ; ON                   ; AUTO_CARRY                                    ;
; IGNORE_CARRY_BUFFERS               ; OFF                  ; IGNORE_CARRY                                  ;
; AUTO_CASCADE_CHAINS                ; ON                   ; AUTO_CASCADE                                  ;
; IGNORE_CASCADE_BUFFERS             ; OFF                  ; IGNORE_CASCADE                                ;
; WIDTH_BYTEENA                      ; 1                    ; Untyped                                       ;
; OPERATION_MODE                     ; SINGLE_PORT          ; Untyped                                       ;
; WIDTH_A                            ; 11                   ; Untyped                                       ;
; WIDTHAD_A                          ; 11                   ; Untyped                                       ;
; NUMWORDS_A                         ; 2048                 ; Untyped                                       ;
; OUTDATA_REG_A                      ; UNREGISTERED         ; Untyped                                       ;
; ADDRESS_ACLR_A                     ; NONE                 ; Untyped                                       ;
; OUTDATA_ACLR_A                     ; NONE                 ; Untyped                                       ;
; WRCONTROL_ACLR_A                   ; NONE                 ; Untyped                                       ;
; INDATA_ACLR_A                      ; NONE                 ; Untyped                                       ;
; BYTEENA_ACLR_A                     ; NONE                 ; Untyped                                       ;
; WIDTH_B                            ; 1                    ; Untyped                                       ;
; WIDTHAD_B                          ; 1                    ; Untyped                                       ;
; NUMWORDS_B                         ; 1                    ; Untyped                                       ;
; INDATA_REG_B                       ; CLOCK1               ; Untyped                                       ;
; WRCONTROL_WRADDRESS_REG_B          ; CLOCK1               ; Untyped                                       ;
; RDCONTROL_REG_B                    ; CLOCK1               ; Untyped                                       ;
; ADDRESS_REG_B                      ; CLOCK1               ; Untyped                                       ;
; OUTDATA_REG_B                      ; UNREGISTERED         ; Untyped                                       ;
; BYTEENA_REG_B                      ; CLOCK1               ; Untyped                                       ;
; INDATA_ACLR_B                      ; NONE                 ; Untyped                                       ;
; WRCONTROL_ACLR_B                   ; NONE                 ; Untyped                                       ;
; ADDRESS_ACLR_B                     ; NONE                 ; Untyped                                       ;
; OUTDATA_ACLR_B                     ; NONE                 ; Untyped                                       ;
; RDCONTROL_ACLR_B                   ; NONE                 ; Untyped                                       ;
; BYTEENA_ACLR_B                     ; NONE                 ; Untyped                                       ;
; WIDTH_BYTEENA_A                    ; 1                    ; Untyped                                       ;
; WIDTH_BYTEENA_B                    ; 1                    ; Untyped                                       ;
; RAM_BLOCK_TYPE                     ; AUTO                 ; Untyped                                       ;
; BYTE_SIZE                          ; 8                    ; Untyped                                       ;
; READ_DURING_WRITE_MODE_MIXED_PORTS ; DONT_CARE            ; Untyped                                       ;
; READ_DURING_WRITE_MODE_PORT_A      ; OLD_DATA             ; Untyped                                       ;
; READ_DURING_WRITE_MODE_PORT_B      ; NEW_DATA_NO_NBE_READ ; Untyped                                       ;
; INIT_FILE                          ; UNUSED               ; Untyped                                       ;
; INIT_FILE_LAYOUT                   ; PORT_A               ; Untyped                                       ;
; MAXIMUM_DEPTH                      ; 0                    ; Untyped                                       ;
; CLOCK_ENABLE_INPUT_A               ; NORMAL               ; Untyped                                       ;
; CLOCK_ENABLE_INPUT_B               ; NORMAL               ; Untyped                                       ;
; CLOCK_ENABLE_OUTPUT_A              ; NORMAL               ; Untyped                                       ;
; CLOCK_ENABLE_OUTPUT_B              ; NORMAL               ; Untyped                                       ;
; CLOCK_ENABLE_CORE_A                ; USE_INPUT_CLKEN      ; Untyped                                       ;
; CLOCK_ENABLE_CORE_B                ; USE_INPUT_CLKEN      ; Untyped                                       ;
; ENABLE_ECC                         ; FALSE                ; Untyped                                       ;
; ECC_PIPELINE_STAGE_ENABLED         ; FALSE                ; Untyped                                       ;
; WIDTH_ECCSTATUS                    ; 3                    ; Untyped                                       ;
; DEVICE_FAMILY                      ; Cyclone IV E         ; Untyped                                       ;
; CBXI_PARAMETER                     ; altsyncram_jg81      ; Untyped                                       ;
+------------------------------------+----------------------+-----------------------------------------------+
Note: In order to hide this table in the UI and the text report file, please set the "Show Parameter Settings in Synthesis Report" option in "Analysis and Synthesis Settings -> More Settings" to "Off".


+------------------------------------------------------------------------------------------------------+
; altsyncram Parameter Settings by Entity Instance                                                     ;
+-------------------------------------------+----------------------------------------------------------+
; Name                                      ; Value                                                    ;
+-------------------------------------------+----------------------------------------------------------+
; Number of entity instances                ; 1                                                        ;
; Entity Instance                           ; Ram_grande_rtl:inst1|Syncore_ram:U1|altsyncram:mem_rtl_0 ;
;     -- OPERATION_MODE                     ; SINGLE_PORT                                              ;
;     -- WIDTH_A                            ; 11                                                       ;
;     -- NUMWORDS_A                         ; 2048                                                     ;
;     -- OUTDATA_REG_A                      ; UNREGISTERED                                             ;
;     -- WIDTH_B                            ; 1                                                        ;
;     -- NUMWORDS_B                         ; 1                                                        ;
;     -- ADDRESS_REG_B                      ; CLOCK1                                                   ;
;     -- OUTDATA_REG_B                      ; UNREGISTERED                                             ;
;     -- RAM_BLOCK_TYPE                     ; AUTO                                                     ;
;     -- READ_DURING_WRITE_MODE_MIXED_PORTS ; DONT_CARE                                                ;
+-------------------------------------------+----------------------------------------------------------+


+-------------------------------------------------------------------------------------------------------------------------------+
; Port Connectivity Checks: "Ram_grande_rtl:inst1|Syncore_ram:U1"                                                               ;
+---------------------+--------+----------+-------------------------------------------------------------------------------------+
; Port                ; Type   ; Severity ; Details                                                                             ;
+---------------------+--------+----------+-------------------------------------------------------------------------------------+
; PortDataOut[21..11] ; Output ; Info     ; Connected to dangling logic. Logic that only feeds a dangling port will be removed. ;
+---------------------+--------+----------+-------------------------------------------------------------------------------------+


+-----------------------------------------------------+
; Post-Synthesis Netlist Statistics for Top Partition ;
+-----------------------+-----------------------------+
; Type                  ; Count                       ;
+-----------------------+-----------------------------+
; boundary_port         ; 28                          ;
; cycloneiii_ff         ; 28                          ;
;     CLR               ; 6                           ;
;     ENA CLR           ; 10                          ;
;     ENA CLR SCLR      ; 11                          ;
;     plain             ; 1                           ;
; cycloneiii_lcell_comb ; 48                          ;
;     arith             ; 19                          ;
;         2 data inputs ; 18                          ;
;         3 data inputs ; 1                           ;
;     normal            ; 29                          ;
;         1 data inputs ; 3                           ;
;         2 data inputs ; 3                           ;
;         3 data inputs ; 15                          ;
;         4 data inputs ; 8                           ;
; cycloneiii_ram_block  ; 11                          ;
;                       ;                             ;
; Max LUT depth         ; 3.00                        ;
; Average LUT depth     ; 1.61                        ;
+-----------------------+-----------------------------+


+-------------------------------+
; Elapsed Time Per Partition    ;
+----------------+--------------+
; Partition Name ; Elapsed Time ;
+----------------+--------------+
; Top            ; 00:00:03     ;
+----------------+--------------+


+-------------------------------+
; Analysis & Synthesis Messages ;
+-------------------------------+
Info: *******************************************************************
Info: Running Quartus Prime Analysis & Synthesis
    Info: Version 23.1std.0 Build 991 11/28/2023 SC Lite Edition
    Info: Processing started: Tue Sep 17 14:48:25 2024
Info: Command: quartus_map --read_settings_files=on --write_settings_files=off Pruebas_ram -c Pruebas_ram
Warning (18236): Number of processors has not been specified which may cause overloading on shared machines.  Set the global assignment NUM_PARALLEL_PROCESSORS in your QSF to an appropriate value for best performance.
Info (20030): Parallel compilation is enabled and will use 12 of the 12 processors detected
Info (12021): Found 1 design units, including 1 entities, in source file /users/gaspar/desktop/test_ram/test_ram/ip_core/syncore_ram.v
    Info (12023): Found entity 1: Syncore_ram File: C:/Users/Gaspar/Desktop/test_ram/test_ram/ip_core/syncore_ram.v Line: 34
Info (12021): Found 1 design units, including 1 entities, in source file /users/gaspar/desktop/test_ram/test_ram/ip_core/ram_grande.v
    Info (12023): Found entity 1: Ram_grande_rtl File: C:/Users/Gaspar/Desktop/test_ram/test_ram/ip_core/Ram_grande.v Line: 26
Info (12021): Found 1 design units, including 1 entities, in source file ram.v
    Info (12023): Found entity 1: ram File: C:/Users/Gaspar/Documents/GitHub/Proyecto_Final_DOME/Pruebas/Ram_CIAA_FPGA/ram.v Line: 1
Info (12021): Found 1 design units, including 1 entities, in source file pruebas_ram.bdf
    Info (12023): Found entity 1: Pruebas_ram
Info (12021): Found 2 design units, including 1 entities, in source file escritura_lectura.vhd
    Info (12022): Found design unit 1: escritura_lectura-rtl File: C:/Users/Gaspar/Documents/GitHub/Proyecto_Final_DOME/Pruebas/Ram_CIAA_FPGA/escritura_lectura.vhd Line: 22
    Info (12023): Found entity 1: escritura_lectura File: C:/Users/Gaspar/Documents/GitHub/Proyecto_Final_DOME/Pruebas/Ram_CIAA_FPGA/escritura_lectura.vhd Line: 4
Info (12127): Elaborating entity "Pruebas_ram" for the top level hierarchy
Info (12128): Elaborating entity "escritura_lectura" for hierarchy "escritura_lectura:inst2"
Info (12128): Elaborating entity "Ram_grande_rtl" for hierarchy "Ram_grande_rtl:inst1"
Info (12128): Elaborating entity "Syncore_ram" for hierarchy "Ram_grande_rtl:inst1|Syncore_ram:U1" File: C:/Users/Gaspar/Desktop/test_ram/test_ram/ip_core/Ram_grande.v Line: 143
Warning (10036): Verilog HDL or VHDL warning at syncore_ram.v(108): object "Prm_READ_FIRST" assigned a value but never read File: C:/Users/Gaspar/Desktop/test_ram/test_ram/ip_core/syncore_ram.v Line: 108
Warning (10230): Verilog HDL assignment warning at syncore_ram.v(182): truncated value with size 22 to match size of target (11) File: C:/Users/Gaspar/Desktop/test_ram/test_ram/ip_core/syncore_ram.v Line: 182
Warning (10034): Output port "PortDataOut[21..11]" at syncore_ram.v(81) has no driver File: C:/Users/Gaspar/Desktop/test_ram/test_ram/ip_core/syncore_ram.v Line: 81
Info (19000): Inferred 1 megafunctions from design logic
    Info (276029): Inferred altsyncram megafunction from the following design logic: "Ram_grande_rtl:inst1|Syncore_ram:U1|mem_rtl_0" 
        Info (286033): Parameter OPERATION_MODE set to SINGLE_PORT
        Info (286033): Parameter WIDTH_A set to 11
        Info (286033): Parameter WIDTHAD_A set to 11
        Info (286033): Parameter NUMWORDS_A set to 2048
        Info (286033): Parameter OUTDATA_REG_A set to UNREGISTERED
        Info (286033): Parameter ADDRESS_ACLR_A set to NONE
        Info (286033): Parameter OUTDATA_ACLR_A set to NONE
        Info (286033): Parameter READ_DURING_WRITE_MODE_PORT_A set to OLD_DATA
        Info (286033): Parameter INDATA_ACLR_A set to NONE
        Info (286033): Parameter WRCONTROL_ACLR_A set to NONE
Info (12130): Elaborated megafunction instantiation "Ram_grande_rtl:inst1|Syncore_ram:U1|altsyncram:mem_rtl_0"
Info (12133): Instantiated megafunction "Ram_grande_rtl:inst1|Syncore_ram:U1|altsyncram:mem_rtl_0" with the following parameter:
    Info (12134): Parameter "OPERATION_MODE" = "SINGLE_PORT"
    Info (12134): Parameter "WIDTH_A" = "11"
    Info (12134): Parameter "WIDTHAD_A" = "11"
    Info (12134): Parameter "NUMWORDS_A" = "2048"
    Info (12134): Parameter "OUTDATA_REG_A" = "UNREGISTERED"
    Info (12134): Parameter "ADDRESS_ACLR_A" = "NONE"
    Info (12134): Parameter "OUTDATA_ACLR_A" = "NONE"
    Info (12134): Parameter "READ_DURING_WRITE_MODE_PORT_A" = "OLD_DATA"
    Info (12134): Parameter "INDATA_ACLR_A" = "NONE"
    Info (12134): Parameter "WRCONTROL_ACLR_A" = "NONE"
Info (12021): Found 1 design units, including 1 entities, in source file db/altsyncram_jg81.tdf
    Info (12023): Found entity 1: altsyncram_jg81 File: C:/Users/Gaspar/Documents/GitHub/Proyecto_Final_DOME/Pruebas/Ram_CIAA_FPGA/db/altsyncram_jg81.tdf Line: 28
Info (286030): Timing-Driven Synthesis is running
Info (17049): 12 registers lost all their fanouts during netlist optimizations.
Info (144001): Generated suppressed messages file C:/Users/Gaspar/Documents/GitHub/Proyecto_Final_DOME/Pruebas/Ram_CIAA_FPGA/output_files/Pruebas_ram.map.smsg
Info (16010): Generating hard_block partition "hard_block:auto_generated_inst"
    Info (16011): Adding 0 node(s), including 0 DDIO, 0 PLL, 0 transceiver and 0 LCELL
Info (21057): Implemented 88 device resources after synthesis - the final resource count might be different
    Info (21058): Implemented 3 input pins
    Info (21059): Implemented 25 output pins
    Info (21061): Implemented 49 logic cells
    Info (21064): Implemented 11 RAM segments
Info: Quartus Prime Analysis & Synthesis was successful. 0 errors, 4 warnings
    Info: Peak virtual memory: 4999 megabytes
    Info: Processing ended: Tue Sep 17 14:48:38 2024
    Info: Elapsed time: 00:00:13
    Info: Total CPU time (on all processors): 00:00:10


+------------------------------------------+
; Analysis & Synthesis Suppressed Messages ;
+------------------------------------------+
The suppressed messages can be found in C:/Users/Gaspar/Documents/GitHub/Proyecto_Final_DOME/Pruebas/Ram_CIAA_FPGA/output_files/Pruebas_ram.map.smsg.


