Removed Pin From Net: NetName=NetC9_2 Pin=U3-38
Removed Pin From Net: NetName=NetP3_A9 Pin=U3-55
Removed Pin From Net: NetName=NetP3_A8 Pin=U3-56
Removed Pin From Net: NetName=Led_1 Pin=U4-1
Removed Pin From Net: NetName=NetR16_1 Pin=U4-7
Removed Pin From Net: NetName=NetR17_1 Pin=U4-8
Removed Pin From Net: NetName=NetR13_2 Pin=U4-21
Removed Pin From Net: NetName=NetC45_2 Pin=U4-24
Removed Pin From Net: NetName=Btn_1 Pin=U4-31
Removed Pin From Net: NetName=NetR11_1 Pin=U5-94
Removed Pin From Net: NetName=NetP1_16 Pin=U6-122
Removed Pin From Net: NetName=NetP1_14 Pin=U6-124
Removed Pin From Net: NetName=NetP1_12 Pin=U6-125
Removed Pin From Net: NetName=NetP1_10 Pin=U6-128
Removed Pin From Net: NetName=NetP1_8 Pin=U6-129
Removed Pin From Net: NetName=NetP1_6 Pin=U6-130
Removed Pin From Net: NetName=NetP1_4 Pin=U6-134
Removed Pin From Net: NetName=NetP1_2 Pin=U6-135
Removed Pin From Net: NetName=NetP1_1 Pin=U6-136
Removed Pin From Net: NetName=NetP1_3 Pin=U6-137
Removed Pin From Net: NetName=NetP1_5 Pin=U6-138
Removed Pin From Net: NetName=NetP1_7 Pin=U6-139
Removed Pin From Net: NetName=NetP1_9 Pin=U6-141
Removed Pin From Net: NetName=NetP1_11 Pin=U6-142
Removed Pin From Net: NetName=NetP1_13 Pin=U6-143
Removed Pin From Net: NetName=NetP1_15 Pin=U6-144
Removed Pin From Net: NetName=NetD4_2 Pin=U8-65
Removed Pin From Net: NetName=NetP2_2 Pin=U8-66
Removed Pin From Net: NetName=NetP2_3 Pin=U8-67
Removed Pin From Net: NetName=NetP2_4 Pin=U8-68
Removed Pin From Net: NetName=NetP2_5 Pin=U8-70
Removed Pin From Net: NetName=NetP2_6 Pin=U8-71
Removed Pin From Net: NetName=3V3 Pin=U8-72
Removed Pin From Net: NetName=NetD3_1 Pin=U8-108
Removed Member From Class: ClassName=FPGA Banks Member=U3
Removed Member From Class: ClassName=FPGA Banks Member=U4
Removed Member From Class: ClassName=FPGA Banks Member=U5
Removed Member From Class: ClassName=FPGA Banks Member=U6
Removed Member From Class: ClassName=Periferic Supply Member=U8
Added Pin To Net: NetName=Led_1 Pin=U7-1
Added Pin To Net: NetName=NetR16_1 Pin=U7-7
Added Pin To Net: NetName=NetR17_1 Pin=U7-8
Added Pin To Net: NetName=NetR13_2 Pin=U7-21
Added Pin To Net: NetName=NetC45_2 Pin=U7-24
Added Pin To Net: NetName=Btn_1 Pin=U7-31
Added Pin To Net: NetName=NetC9_2 Pin=U7-38
Added Pin To Net: NetName=NetP3_A9 Pin=U7-55
Added Pin To Net: NetName=NetP3_A8 Pin=U7-56
Added Pin To Net: NetName=NetD4_2 Pin=U7-65
Added Pin To Net: NetName=NetP2_2 Pin=U7-66
Added Pin To Net: NetName=NetP2_3 Pin=U7-67
Added Pin To Net: NetName=NetP2_4 Pin=U7-68
Added Pin To Net: NetName=NetP2_5 Pin=U7-70
Added Pin To Net: NetName=NetP2_6 Pin=U7-71
Added Pin To Net: NetName=3V3 Pin=U7-72
Added Pin To Net: NetName=NetR11_1 Pin=U7-94
Added Pin To Net: NetName=NetD3_1 Pin=U7-108
Added Pin To Net: NetName=NetP1_16 Pin=U7-122
Added Pin To Net: NetName=NetP1_14 Pin=U7-124
Added Pin To Net: NetName=NetP1_12 Pin=U7-125
Added Pin To Net: NetName=NetP1_10 Pin=U7-128
Added Pin To Net: NetName=NetP1_8 Pin=U7-129
Added Pin To Net: NetName=NetP1_6 Pin=U7-130
Added Pin To Net: NetName=NetP1_4 Pin=U7-134
Added Pin To Net: NetName=NetP1_2 Pin=U7-135
Added Pin To Net: NetName=NetP1_1 Pin=U7-136
Added Pin To Net: NetName=NetP1_3 Pin=U7-137
Added Pin To Net: NetName=NetP1_5 Pin=U7-138
Added Pin To Net: NetName=NetP1_7 Pin=U7-139
Added Pin To Net: NetName=NetP1_9 Pin=U7-141
Added Pin To Net: NetName=NetP1_11 Pin=U7-142
Added Pin To Net: NetName=NetP1_13 Pin=U7-143
Added Pin To Net: NetName=NetP1_15 Pin=U7-144
Added Pin To Net: NetName=NetU7_9 Pin=U7-9
Added Pin To Net: NetName=NetU7_9 Pin=U10-41
Added Net: Name=NetU7_9
Added Pin To Net: NetName=NetU7_10 Pin=U7-10
Added Pin To Net: NetName=NetU7_10 Pin=U10-40
Added Net: Name=NetU7_10
Added Pin To Net: NetName=NetU7_11 Pin=U7-11
Added Pin To Net: NetName=NetU7_11 Pin=U10-36
Added Net: Name=NetU7_11
Added Pin To Net: NetName=NetU7_12 Pin=U7-12
Added Pin To Net: NetName=NetU7_12 Pin=U10-35
Added Net: Name=NetU7_12
Added Pin To Net: NetName=NetU7_15 Pin=U7-15
Added Pin To Net: NetName=NetU7_15 Pin=U10-34
Added Net: Name=NetU7_15
Added Pin To Net: NetName=NetU7_16 Pin=U7-16
Added Pin To Net: NetName=NetU7_16 Pin=U10-33
Added Net: Name=NetU7_16
Added Pin To Net: NetName=NetU7_17 Pin=U7-17
Added Pin To Net: NetName=NetU7_17 Pin=U10-32
Added Net: Name=NetU7_17
Added Pin To Net: NetName=NetU7_18 Pin=U7-18
Added Pin To Net: NetName=NetU7_18 Pin=U10-28
Added Net: Name=NetU7_18
Added Pin To Net: NetName=NetU7_19 Pin=U7-19
Added Pin To Net: NetName=NetU7_19 Pin=U10-27
Added Net: Name=NetU7_19
Added Pin To Net: NetName=NetU7_20 Pin=U7-20
Added Pin To Net: NetName=NetU7_20 Pin=U10-31
Added Net: Name=NetU7_20
Added Pin To Net: NetName=NetU7_22 Pin=U7-22
Added Pin To Net: NetName=NetU7_22 Pin=U10-26
Added Net: Name=NetU7_22
Added Pin To Net: NetName=NetU7_23 Pin=U7-23
Added Pin To Net: NetName=NetU7_23 Pin=U10-8
Added Net: Name=NetU7_23
