Analysis & Synthesis report for i2c_master
Sun Jun  2 16:42:47 2024
Quartus Prime Version 23.1std.0 Build 991 11/28/2023 SC Lite Edition


---------------------
; Table of Contents ;
---------------------
  1. Legal Notice
  2. Analysis & Synthesis Summary
  3. Analysis & Synthesis Settings
  4. Parallel Compilation
  5. Analysis & Synthesis Source Files Read
  6. Analysis & Synthesis Resource Usage Summary
  7. Analysis & Synthesis Resource Utilization by Entity
  8. State Machine - |Block1|i2c_master:inst1|state
  9. Registers Removed During Synthesis
 10. General Register Statistics
 11. Inverted Register Statistics
 12. Multiplexer Restructuring Statistics (Restructuring Performed)
 13. Post-Synthesis Netlist Statistics for Top Partition
 14. Elapsed Time Per Partition
 15. Analysis & Synthesis Messages



----------------
; Legal Notice ;
----------------
Copyright (C) 2023  Intel Corporation. All rights reserved.
Your use of Intel Corporation's design tools, logic functions 
and other software and tools, and any partner logic 
functions, and any output files from any of the foregoing 
(including device programming or simulation files), and any 
associated documentation or information are expressly subject 
to the terms and conditions of the Intel Program License 
Subscription Agreement, the Intel Quartus Prime License Agreement,
the Intel FPGA IP License Agreement, or other applicable license
agreement, including, without limitation, that your use is for
the sole purpose of programming logic devices manufactured by
Intel and sold by Intel or its authorized distributors.  Please
refer to the applicable agreement for further details, at
https://fpgasoftware.intel.com/eula.



+-------------------------------------------------------------------------------------+
; Analysis & Synthesis Summary                                                        ;
+------------------------------------+------------------------------------------------+
; Analysis & Synthesis Status        ; Successful - Sun Jun  2 16:42:47 2024          ;
; Quartus Prime Version              ; 23.1std.0 Build 991 11/28/2023 SC Lite Edition ;
; Revision Name                      ; i2c_master                                     ;
; Top-level Entity Name              ; Block1                                         ;
; Family                             ; Cyclone IV E                                   ;
; Total logic elements               ; 82                                             ;
;     Total combinational functions  ; 79                                             ;
;     Dedicated logic registers      ; 42                                             ;
; Total registers                    ; 42                                             ;
; Total pins                         ; 34                                             ;
; Total virtual pins                 ; 0                                              ;
; Total memory bits                  ; 0                                              ;
; Embedded Multiplier 9-bit elements ; 0                                              ;
; Total PLLs                         ; 0                                              ;
+------------------------------------+------------------------------------------------+


+------------------------------------------------------------------------------------------------------------+
; Analysis & Synthesis Settings                                                                              ;
+------------------------------------------------------------------+--------------------+--------------------+
; Option                                                           ; Setting            ; Default Value      ;
+------------------------------------------------------------------+--------------------+--------------------+
; Top-level entity name                                            ; Block1             ; i2c_master         ;
; Family name                                                      ; Cyclone IV E       ; Cyclone V          ;
; VHDL Show LMF Mapping Messages                                   ; Off                ;                    ;
; VHDL Version                                                     ; VHDL_2008          ; VHDL_1993          ;
; Use smart compilation                                            ; Off                ; Off                ;
; Enable parallel Assembler and Timing Analyzer during compilation ; On                 ; On                 ;
; Enable compact report table                                      ; Off                ; Off                ;
; Restructure Multiplexers                                         ; Auto               ; Auto               ;
; Create Debugging Nodes for IP Cores                              ; Off                ; Off                ;
; Preserve fewer node names                                        ; On                 ; On                 ;
; Intel FPGA IP Evaluation Mode                                    ; Enable             ; Enable             ;
; Verilog Version                                                  ; Verilog_2001       ; Verilog_2001       ;
; State Machine Processing                                         ; Auto               ; Auto               ;
; Safe State Machine                                               ; Off                ; Off                ;
; Extract Verilog State Machines                                   ; On                 ; On                 ;
; Extract VHDL State Machines                                      ; On                 ; On                 ;
; Ignore Verilog initial constructs                                ; Off                ; Off                ;
; Iteration limit for constant Verilog loops                       ; 5000               ; 5000               ;
; Iteration limit for non-constant Verilog loops                   ; 250                ; 250                ;
; Add Pass-Through Logic to Inferred RAMs                          ; On                 ; On                 ;
; Infer RAMs from Raw Logic                                        ; On                 ; On                 ;
; Parallel Synthesis                                               ; On                 ; On                 ;
; DSP Block Balancing                                              ; Auto               ; Auto               ;
; NOT Gate Push-Back                                               ; On                 ; On                 ;
; Power-Up Don't Care                                              ; On                 ; On                 ;
; Remove Redundant Logic Cells                                     ; Off                ; Off                ;
; Remove Duplicate Registers                                       ; On                 ; On                 ;
; Ignore CARRY Buffers                                             ; Off                ; Off                ;
; Ignore CASCADE Buffers                                           ; Off                ; Off                ;
; Ignore GLOBAL Buffers                                            ; Off                ; Off                ;
; Ignore ROW GLOBAL Buffers                                        ; Off                ; Off                ;
; Ignore LCELL Buffers                                             ; Off                ; Off                ;
; Ignore SOFT Buffers                                              ; On                 ; On                 ;
; Limit AHDL Integers to 32 Bits                                   ; Off                ; Off                ;
; Optimization Technique                                           ; Balanced           ; Balanced           ;
; Carry Chain Length                                               ; 70                 ; 70                 ;
; Auto Carry Chains                                                ; On                 ; On                 ;
; Auto Open-Drain Pins                                             ; On                 ; On                 ;
; Perform WYSIWYG Primitive Resynthesis                            ; Off                ; Off                ;
; Auto ROM Replacement                                             ; On                 ; On                 ;
; Auto RAM Replacement                                             ; On                 ; On                 ;
; Auto DSP Block Replacement                                       ; On                 ; On                 ;
; Auto Shift Register Replacement                                  ; Auto               ; Auto               ;
; Allow Shift Register Merging across Hierarchies                  ; Auto               ; Auto               ;
; Auto Clock Enable Replacement                                    ; On                 ; On                 ;
; Strict RAM Replacement                                           ; Off                ; Off                ;
; Allow Synchronous Control Signals                                ; On                 ; On                 ;
; Force Use of Synchronous Clear Signals                           ; Off                ; Off                ;
; Auto RAM Block Balancing                                         ; On                 ; On                 ;
; Auto RAM to Logic Cell Conversion                                ; Off                ; Off                ;
; Auto Resource Sharing                                            ; Off                ; Off                ;
; Allow Any RAM Size For Recognition                               ; Off                ; Off                ;
; Allow Any ROM Size For Recognition                               ; Off                ; Off                ;
; Allow Any Shift Register Size For Recognition                    ; Off                ; Off                ;
; Use LogicLock Constraints during Resource Balancing              ; On                 ; On                 ;
; Ignore translate_off and synthesis_off directives                ; Off                ; Off                ;
; Timing-Driven Synthesis                                          ; On                 ; On                 ;
; Report Parameter Settings                                        ; On                 ; On                 ;
; Report Source Assignments                                        ; On                 ; On                 ;
; Report Connectivity Checks                                       ; On                 ; On                 ;
; Ignore Maximum Fan-Out Assignments                               ; Off                ; Off                ;
; Synchronization Register Chain Length                            ; 2                  ; 2                  ;
; Power Optimization During Synthesis                              ; Normal compilation ; Normal compilation ;
; HDL message level                                                ; Level2             ; Level2             ;
; Suppress Register Optimization Related Messages                  ; Off                ; Off                ;
; Number of Removed Registers Reported in Synthesis Report         ; 5000               ; 5000               ;
; Number of Swept Nodes Reported in Synthesis Report               ; 5000               ; 5000               ;
; Number of Inverted Registers Reported in Synthesis Report        ; 100                ; 100                ;
; Clock MUX Protection                                             ; On                 ; On                 ;
; Auto Gated Clock Conversion                                      ; Off                ; Off                ;
; Block Design Naming                                              ; Auto               ; Auto               ;
; SDC constraint protection                                        ; Off                ; Off                ;
; Synthesis Effort                                                 ; Auto               ; Auto               ;
; Shift Register Replacement - Allow Asynchronous Clear Signal     ; On                 ; On                 ;
; Pre-Mapping Resynthesis Optimization                             ; Off                ; Off                ;
; Analysis & Synthesis Message Level                               ; Medium             ; Medium             ;
; Disable Register Merging Across Hierarchies                      ; Auto               ; Auto               ;
; Resource Aware Inference For Block RAM                           ; On                 ; On                 ;
+------------------------------------------------------------------+--------------------+--------------------+


+------------------------------------------+
; Parallel Compilation                     ;
+----------------------------+-------------+
; Processors                 ; Number      ;
+----------------------------+-------------+
; Number detected on machine ; 12          ;
; Maximum allowed            ; 12          ;
;                            ;             ;
; Average used               ; 1.00        ;
; Maximum used               ; 12          ;
;                            ;             ;
; Usage by Processor         ; % Time Used ;
;     Processor 1            ; 100.0%      ;
;     Processors 2-12        ;   0.0%      ;
+----------------------------+-------------+


+------------------------------------------------------------------------------------------------------------------------------------------------------------------------------------------------+
; Analysis & Synthesis Source Files Read                                                                                                                                                         ;
+----------------------------------+-----------------+------------------------------------+--------------------------------------------------------------------------------------------+---------+
; File Name with User-Entered Path ; Used in Netlist ; File Type                          ; File Name with Absolute Path                                                               ; Library ;
+----------------------------------+-----------------+------------------------------------+--------------------------------------------------------------------------------------------+---------+
; i2c_master.vhd                   ; yes             ; User VHDL File                     ; C:/Users/Gaspar/Documents/GitHub/Proyecto_Final_DOME/Programador_i2c_master/i2c_master.vhd ;         ;
; Block1.bdf                       ; yes             ; User Block Diagram/Schematic File  ; C:/Users/Gaspar/Documents/GitHub/Proyecto_Final_DOME/Programador_i2c_master/Block1.bdf     ;         ;
; control_2.vhd                    ; yes             ; User VHDL File                     ; C:/Users/Gaspar/Documents/GitHub/Proyecto_Final_DOME/Programador_i2c_master/control_2.vhd  ;         ;
+----------------------------------+-----------------+------------------------------------+--------------------------------------------------------------------------------------------+---------+


+---------------------------------------------------------+
; Analysis & Synthesis Resource Usage Summary             ;
+---------------------------------------------+-----------+
; Resource                                    ; Usage     ;
+---------------------------------------------+-----------+
; Estimated Total logic elements              ; 82        ;
;                                             ;           ;
; Total combinational functions               ; 79        ;
; Logic element usage by number of LUT inputs ;           ;
;     -- 4 input functions                    ; 43        ;
;     -- 3 input functions                    ; 13        ;
;     -- <=2 input functions                  ; 23        ;
;                                             ;           ;
; Logic elements by mode                      ;           ;
;     -- normal mode                          ; 72        ;
;     -- arithmetic mode                      ; 7         ;
;                                             ;           ;
; Total registers                             ; 42        ;
;     -- Dedicated logic registers            ; 42        ;
;     -- I/O registers                        ; 0         ;
;                                             ;           ;
; I/O pins                                    ; 34        ;
;                                             ;           ;
; Embedded Multiplier 9-bit elements          ; 0         ;
;                                             ;           ;
; Maximum fan-out node                        ; CLK~input ;
; Maximum fan-out                             ; 42        ;
; Total fan-out                               ; 404       ;
; Average fan-out                             ; 2.12      ;
+---------------------------------------------+-----------+


+---------------------------------------------------------------------------------------------------------------------------------------------------------------------------------------------------------------+
; Analysis & Synthesis Resource Utilization by Entity                                                                                                                                                           ;
+----------------------------+---------------------+---------------------------+-------------+--------------+---------+-----------+------+--------------+--------------------------+-------------+--------------+
; Compilation Hierarchy Node ; Combinational ALUTs ; Dedicated Logic Registers ; Memory Bits ; DSP Elements ; DSP 9x9 ; DSP 18x18 ; Pins ; Virtual Pins ; Full Hierarchy Name      ; Entity Name ; Library Name ;
+----------------------------+---------------------+---------------------------+-------------+--------------+---------+-----------+------+--------------+--------------------------+-------------+--------------+
; |Block1                    ; 79 (0)              ; 42 (0)                    ; 0           ; 0            ; 0       ; 0         ; 34   ; 0            ; |Block1                  ; Block1      ; work         ;
;    |i2c_master:inst1|      ; 79 (79)             ; 42 (42)                   ; 0           ; 0            ; 0       ; 0         ; 0    ; 0            ; |Block1|i2c_master:inst1 ; i2c_master  ; work         ;
+----------------------------+---------------------+---------------------------+-------------+--------------+---------+-----------+------+--------------+--------------------------+-------------+--------------+
Note: For table entries with two numbers listed, the numbers in parentheses indicate the number of resources of the given type used by the specific entity alone. The numbers listed outside of parentheses indicate the total resources of the given type used by the specific entity and all of its sub-entities in the hierarchy.


Encoding Type:  One-Hot
+---------------------------------------------------------------------------------------------------------------------------------------------------------------------+
; State Machine - |Block1|i2c_master:inst1|state                                                                                                                      ;
+-----------------+------------+-----------------+----------------+----------------+----------+----------+----------------+---------------+-------------+-------------+
; Name            ; state.stop ; state.mstr_ack2 ; state.mstr_ack ; state.slv_ack2 ; state.rd ; state.wr ; state.slv_ack1 ; state.command ; state.start ; state.ready ;
+-----------------+------------+-----------------+----------------+----------------+----------+----------+----------------+---------------+-------------+-------------+
; state.ready     ; 0          ; 0               ; 0              ; 0              ; 0        ; 0        ; 0              ; 0             ; 0           ; 0           ;
; state.start     ; 0          ; 0               ; 0              ; 0              ; 0        ; 0        ; 0              ; 0             ; 1           ; 1           ;
; state.command   ; 0          ; 0               ; 0              ; 0              ; 0        ; 0        ; 0              ; 1             ; 0           ; 1           ;
; state.slv_ack1  ; 0          ; 0               ; 0              ; 0              ; 0        ; 0        ; 1              ; 0             ; 0           ; 1           ;
; state.wr        ; 0          ; 0               ; 0              ; 0              ; 0        ; 1        ; 0              ; 0             ; 0           ; 1           ;
; state.rd        ; 0          ; 0               ; 0              ; 0              ; 1        ; 0        ; 0              ; 0             ; 0           ; 1           ;
; state.slv_ack2  ; 0          ; 0               ; 0              ; 1              ; 0        ; 0        ; 0              ; 0             ; 0           ; 1           ;
; state.mstr_ack  ; 0          ; 0               ; 1              ; 0              ; 0        ; 0        ; 0              ; 0             ; 0           ; 1           ;
; state.mstr_ack2 ; 0          ; 1               ; 0              ; 0              ; 0        ; 0        ; 0              ; 0             ; 0           ; 1           ;
; state.stop      ; 1          ; 0               ; 0              ; 0              ; 0        ; 0        ; 0              ; 0             ; 0           ; 1           ;
+-----------------+------------+-----------------+----------------+----------------+----------+----------+----------------+---------------+-------------+-------------+


+---------------------------------------------------------------------------------+
; Registers Removed During Synthesis                                              ;
+----------------------------------------+----------------------------------------+
; Register name                          ; Reason for Removal                     ;
+----------------------------------------+----------------------------------------+
; i2c_master:inst1|addr_rw[3..7]         ; Stuck at GND due to stuck port data_in ;
; i2c_master:inst1|addr_rw[0..2]         ; Stuck at VCC due to stuck port data_in ;
; i2c_master:inst1|data_tx0[2..7]        ; Stuck at GND due to stuck port data_in ;
; i2c_master:inst1|data_tx0[1]           ; Stuck at VCC due to stuck port data_in ;
; i2c_master:inst1|data_tx0[0]           ; Stuck at GND due to stuck port data_in ;
; i2c_master:inst1|data_tx1[0..7]        ; Stuck at GND due to stuck port data_in ;
; Total Number of Removed Registers = 24 ;                                        ;
+----------------------------------------+----------------------------------------+


+------------------------------------------------------+
; General Register Statistics                          ;
+----------------------------------------------+-------+
; Statistic                                    ; Value ;
+----------------------------------------------+-------+
; Total registers                              ; 42    ;
; Number of registers using Synchronous Clear  ; 8     ;
; Number of registers using Synchronous Load   ; 0     ;
; Number of registers using Asynchronous Clear ; 0     ;
; Number of registers using Asynchronous Load  ; 0     ;
; Number of registers using Clock Enable       ; 22    ;
; Number of registers using Preset             ; 0     ;
+----------------------------------------------+-------+


+--------------------------------------------------+
; Inverted Register Statistics                     ;
+----------------------------------------+---------+
; Inverted Register                      ; Fan out ;
+----------------------------------------+---------+
; i2c_master:inst1|bit_cnt[1]            ; 9       ;
; i2c_master:inst1|bit_cnt[2]            ; 9       ;
; i2c_master:inst1|bit_cnt[0]            ; 11      ;
; i2c_master:inst1|sda_int               ; 3       ;
; Total number of inverted registers = 4 ;         ;
+----------------------------------------+---------+


+------------------------------------------------------------------------------------------------------------------------------------------------------------+
; Multiplexer Restructuring Statistics (Restructuring Performed)                                                                                             ;
+--------------------+-----------+---------------+----------------------+------------------------+------------+----------------------------------------------+
; Multiplexer Inputs ; Bus Width ; Baseline Area ; Area if Restructured ; Saving if Restructured ; Registered ; Example Multiplexer Output                   ;
+--------------------+-----------+---------------+----------------------+------------------------+------------+----------------------------------------------+
; 3:1                ; 2 bits    ; 4 LEs         ; 2 LEs                ; 2 LEs                  ; Yes        ; |Block1|i2c_master:inst1|write_data_frame[1] ;
; 4:1                ; 2 bits    ; 4 LEs         ; 4 LEs                ; 0 LEs                  ; Yes        ; |Block1|i2c_master:inst1|internal_pulse[1]   ;
; 4:1                ; 3 bits    ; 6 LEs         ; 3 LEs                ; 3 LEs                  ; Yes        ; |Block1|i2c_master:inst1|bit_cnt[2]          ;
+--------------------+-----------+---------------+----------------------+------------------------+------------+----------------------------------------------+


+-----------------------------------------------------+
; Post-Synthesis Netlist Statistics for Top Partition ;
+-----------------------+-----------------------------+
; Type                  ; Count                       ;
+-----------------------+-----------------------------+
; boundary_port         ; 34                          ;
; cycloneiii_ff         ; 42                          ;
;     ENA               ; 22                          ;
;     SCLR              ; 8                           ;
;     plain             ; 12                          ;
; cycloneiii_io_obuf    ; 2                           ;
; cycloneiii_lcell_comb ; 82                          ;
;     arith             ; 7                           ;
;         2 data inputs ; 7                           ;
;     normal            ; 75                          ;
;         0 data inputs ; 2                           ;
;         1 data inputs ; 7                           ;
;         2 data inputs ; 10                          ;
;         3 data inputs ; 13                          ;
;         4 data inputs ; 43                          ;
;                       ;                             ;
; Max LUT depth         ; 6.00                        ;
; Average LUT depth     ; 2.58                        ;
+-----------------------+-----------------------------+


+-------------------------------+
; Elapsed Time Per Partition    ;
+----------------+--------------+
; Partition Name ; Elapsed Time ;
+----------------+--------------+
; Top            ; 00:00:00     ;
+----------------+--------------+


+-------------------------------+
; Analysis & Synthesis Messages ;
+-------------------------------+
Info: *******************************************************************
Info: Running Quartus Prime Analysis & Synthesis
    Info: Version 23.1std.0 Build 991 11/28/2023 SC Lite Edition
    Info: Processing started: Sun Jun  2 16:42:41 2024
Info: Command: quartus_map --read_settings_files=on --write_settings_files=off i2c_master -c i2c_master
Warning (18236): Number of processors has not been specified which may cause overloading on shared machines.  Set the global assignment NUM_PARALLEL_PROCESSORS in your QSF to an appropriate value for best performance.
Info (20030): Parallel compilation is enabled and will use 12 of the 12 processors detected
Info (12021): Found 2 design units, including 1 entities, in source file i2c_master.vhd
    Info (12022): Found design unit 1: i2c_master-logic File: C:/Users/Gaspar/Documents/GitHub/Proyecto_Final_DOME/Programador_i2c_master/i2c_master.vhd Line: 27
    Info (12023): Found entity 1: i2c_master File: C:/Users/Gaspar/Documents/GitHub/Proyecto_Final_DOME/Programador_i2c_master/i2c_master.vhd Line: 10
Info (12021): Found 2 design units, including 1 entities, in source file control.vhd
    Info (12022): Found design unit 1: control-rtl File: C:/Users/Gaspar/Documents/GitHub/Proyecto_Final_DOME/Programador_i2c_master/control.vhd Line: 25
    Info (12023): Found entity 1: control File: C:/Users/Gaspar/Documents/GitHub/Proyecto_Final_DOME/Programador_i2c_master/control.vhd Line: 11
Info (12021): Found 1 design units, including 1 entities, in source file block1.bdf
    Info (12023): Found entity 1: Block1
Info (12021): Found 2 design units, including 1 entities, in source file control_2.vhd
    Info (12022): Found design unit 1: control_2-rtl File: C:/Users/Gaspar/Documents/GitHub/Proyecto_Final_DOME/Programador_i2c_master/control_2.vhd Line: 25
    Info (12023): Found entity 1: control_2 File: C:/Users/Gaspar/Documents/GitHub/Proyecto_Final_DOME/Programador_i2c_master/control_2.vhd Line: 11
Info (12127): Elaborating entity "Block1" for the top level hierarchy
Info (12128): Elaborating entity "control_2" for hierarchy "control_2:inst2"
Warning (10631): VHDL Process Statement warning at control_2.vhd(55): inferring latch(es) for signal or variable "busy_cnt", which holds its previous value in one or more paths through the process File: C:/Users/Gaspar/Documents/GitHub/Proyecto_Final_DOME/Programador_i2c_master/control_2.vhd Line: 55
Warning (10631): VHDL Process Statement warning at control_2.vhd(87): inferring latch(es) for signal or variable "enable", which holds its previous value in one or more paths through the process File: C:/Users/Gaspar/Documents/GitHub/Proyecto_Final_DOME/Programador_i2c_master/control_2.vhd Line: 87
Warning (10631): VHDL Process Statement warning at control_2.vhd(87): inferring latch(es) for signal or variable "rw", which holds its previous value in one or more paths through the process File: C:/Users/Gaspar/Documents/GitHub/Proyecto_Final_DOME/Programador_i2c_master/control_2.vhd Line: 87
Warning (10631): VHDL Process Statement warning at control_2.vhd(87): inferring latch(es) for signal or variable "rst", which holds its previous value in one or more paths through the process File: C:/Users/Gaspar/Documents/GitHub/Proyecto_Final_DOME/Programador_i2c_master/control_2.vhd Line: 87
Warning (10631): VHDL Process Statement warning at control_2.vhd(87): inferring latch(es) for signal or variable "addr", which holds its previous value in one or more paths through the process File: C:/Users/Gaspar/Documents/GitHub/Proyecto_Final_DOME/Programador_i2c_master/control_2.vhd Line: 87
Warning (10631): VHDL Process Statement warning at control_2.vhd(87): inferring latch(es) for signal or variable "data_wr0", which holds its previous value in one or more paths through the process File: C:/Users/Gaspar/Documents/GitHub/Proyecto_Final_DOME/Programador_i2c_master/control_2.vhd Line: 87
Warning (10631): VHDL Process Statement warning at control_2.vhd(87): inferring latch(es) for signal or variable "data_wr1", which holds its previous value in one or more paths through the process File: C:/Users/Gaspar/Documents/GitHub/Proyecto_Final_DOME/Programador_i2c_master/control_2.vhd Line: 87
Warning (10631): VHDL Process Statement warning at control_2.vhd(87): inferring latch(es) for signal or variable "done", which holds its previous value in one or more paths through the process File: C:/Users/Gaspar/Documents/GitHub/Proyecto_Final_DOME/Programador_i2c_master/control_2.vhd Line: 87
Info (10041): Inferred latch for "done" at control_2.vhd(87) File: C:/Users/Gaspar/Documents/GitHub/Proyecto_Final_DOME/Programador_i2c_master/control_2.vhd Line: 87
Info (10041): Inferred latch for "data_wr1[0]" at control_2.vhd(87) File: C:/Users/Gaspar/Documents/GitHub/Proyecto_Final_DOME/Programador_i2c_master/control_2.vhd Line: 87
Info (10041): Inferred latch for "data_wr1[1]" at control_2.vhd(87) File: C:/Users/Gaspar/Documents/GitHub/Proyecto_Final_DOME/Programador_i2c_master/control_2.vhd Line: 87
Info (10041): Inferred latch for "data_wr1[2]" at control_2.vhd(87) File: C:/Users/Gaspar/Documents/GitHub/Proyecto_Final_DOME/Programador_i2c_master/control_2.vhd Line: 87
Info (10041): Inferred latch for "data_wr1[3]" at control_2.vhd(87) File: C:/Users/Gaspar/Documents/GitHub/Proyecto_Final_DOME/Programador_i2c_master/control_2.vhd Line: 87
Info (10041): Inferred latch for "data_wr1[4]" at control_2.vhd(87) File: C:/Users/Gaspar/Documents/GitHub/Proyecto_Final_DOME/Programador_i2c_master/control_2.vhd Line: 87
Info (10041): Inferred latch for "data_wr1[5]" at control_2.vhd(87) File: C:/Users/Gaspar/Documents/GitHub/Proyecto_Final_DOME/Programador_i2c_master/control_2.vhd Line: 87
Info (10041): Inferred latch for "data_wr1[6]" at control_2.vhd(87) File: C:/Users/Gaspar/Documents/GitHub/Proyecto_Final_DOME/Programador_i2c_master/control_2.vhd Line: 87
Info (10041): Inferred latch for "data_wr1[7]" at control_2.vhd(87) File: C:/Users/Gaspar/Documents/GitHub/Proyecto_Final_DOME/Programador_i2c_master/control_2.vhd Line: 87
Info (10041): Inferred latch for "data_wr0[0]" at control_2.vhd(87) File: C:/Users/Gaspar/Documents/GitHub/Proyecto_Final_DOME/Programador_i2c_master/control_2.vhd Line: 87
Info (10041): Inferred latch for "data_wr0[1]" at control_2.vhd(87) File: C:/Users/Gaspar/Documents/GitHub/Proyecto_Final_DOME/Programador_i2c_master/control_2.vhd Line: 87
Info (10041): Inferred latch for "data_wr0[2]" at control_2.vhd(87) File: C:/Users/Gaspar/Documents/GitHub/Proyecto_Final_DOME/Programador_i2c_master/control_2.vhd Line: 87
Info (10041): Inferred latch for "data_wr0[3]" at control_2.vhd(87) File: C:/Users/Gaspar/Documents/GitHub/Proyecto_Final_DOME/Programador_i2c_master/control_2.vhd Line: 87
Info (10041): Inferred latch for "data_wr0[4]" at control_2.vhd(87) File: C:/Users/Gaspar/Documents/GitHub/Proyecto_Final_DOME/Programador_i2c_master/control_2.vhd Line: 87
Info (10041): Inferred latch for "data_wr0[5]" at control_2.vhd(87) File: C:/Users/Gaspar/Documents/GitHub/Proyecto_Final_DOME/Programador_i2c_master/control_2.vhd Line: 87
Info (10041): Inferred latch for "data_wr0[6]" at control_2.vhd(87) File: C:/Users/Gaspar/Documents/GitHub/Proyecto_Final_DOME/Programador_i2c_master/control_2.vhd Line: 87
Info (10041): Inferred latch for "data_wr0[7]" at control_2.vhd(87) File: C:/Users/Gaspar/Documents/GitHub/Proyecto_Final_DOME/Programador_i2c_master/control_2.vhd Line: 87
Info (10041): Inferred latch for "addr[0]" at control_2.vhd(87) File: C:/Users/Gaspar/Documents/GitHub/Proyecto_Final_DOME/Programador_i2c_master/control_2.vhd Line: 87
Info (10041): Inferred latch for "addr[1]" at control_2.vhd(87) File: C:/Users/Gaspar/Documents/GitHub/Proyecto_Final_DOME/Programador_i2c_master/control_2.vhd Line: 87
Info (10041): Inferred latch for "addr[2]" at control_2.vhd(87) File: C:/Users/Gaspar/Documents/GitHub/Proyecto_Final_DOME/Programador_i2c_master/control_2.vhd Line: 87
Info (10041): Inferred latch for "addr[3]" at control_2.vhd(87) File: C:/Users/Gaspar/Documents/GitHub/Proyecto_Final_DOME/Programador_i2c_master/control_2.vhd Line: 87
Info (10041): Inferred latch for "addr[4]" at control_2.vhd(87) File: C:/Users/Gaspar/Documents/GitHub/Proyecto_Final_DOME/Programador_i2c_master/control_2.vhd Line: 87
Info (10041): Inferred latch for "addr[5]" at control_2.vhd(87) File: C:/Users/Gaspar/Documents/GitHub/Proyecto_Final_DOME/Programador_i2c_master/control_2.vhd Line: 87
Info (10041): Inferred latch for "addr[6]" at control_2.vhd(87) File: C:/Users/Gaspar/Documents/GitHub/Proyecto_Final_DOME/Programador_i2c_master/control_2.vhd Line: 87
Info (10041): Inferred latch for "addr[7]" at control_2.vhd(87) File: C:/Users/Gaspar/Documents/GitHub/Proyecto_Final_DOME/Programador_i2c_master/control_2.vhd Line: 87
Info (10041): Inferred latch for "rst" at control_2.vhd(87) File: C:/Users/Gaspar/Documents/GitHub/Proyecto_Final_DOME/Programador_i2c_master/control_2.vhd Line: 87
Info (10041): Inferred latch for "rw" at control_2.vhd(87) File: C:/Users/Gaspar/Documents/GitHub/Proyecto_Final_DOME/Programador_i2c_master/control_2.vhd Line: 87
Info (10041): Inferred latch for "enable" at control_2.vhd(87) File: C:/Users/Gaspar/Documents/GitHub/Proyecto_Final_DOME/Programador_i2c_master/control_2.vhd Line: 87
Info (10041): Inferred latch for "busy_cnt[0]" at control_2.vhd(55) File: C:/Users/Gaspar/Documents/GitHub/Proyecto_Final_DOME/Programador_i2c_master/control_2.vhd Line: 55
Info (10041): Inferred latch for "busy_cnt[1]" at control_2.vhd(55) File: C:/Users/Gaspar/Documents/GitHub/Proyecto_Final_DOME/Programador_i2c_master/control_2.vhd Line: 55
Info (10041): Inferred latch for "busy_cnt[2]" at control_2.vhd(55) File: C:/Users/Gaspar/Documents/GitHub/Proyecto_Final_DOME/Programador_i2c_master/control_2.vhd Line: 55
Info (10041): Inferred latch for "busy_cnt[3]" at control_2.vhd(55) File: C:/Users/Gaspar/Documents/GitHub/Proyecto_Final_DOME/Programador_i2c_master/control_2.vhd Line: 55
Info (10041): Inferred latch for "busy_cnt[4]" at control_2.vhd(55) File: C:/Users/Gaspar/Documents/GitHub/Proyecto_Final_DOME/Programador_i2c_master/control_2.vhd Line: 55
Info (10041): Inferred latch for "busy_cnt[5]" at control_2.vhd(55) File: C:/Users/Gaspar/Documents/GitHub/Proyecto_Final_DOME/Programador_i2c_master/control_2.vhd Line: 55
Info (10041): Inferred latch for "busy_cnt[6]" at control_2.vhd(55) File: C:/Users/Gaspar/Documents/GitHub/Proyecto_Final_DOME/Programador_i2c_master/control_2.vhd Line: 55
Info (10041): Inferred latch for "busy_cnt[7]" at control_2.vhd(55) File: C:/Users/Gaspar/Documents/GitHub/Proyecto_Final_DOME/Programador_i2c_master/control_2.vhd Line: 55
Info (10041): Inferred latch for "busy_cnt[8]" at control_2.vhd(55) File: C:/Users/Gaspar/Documents/GitHub/Proyecto_Final_DOME/Programador_i2c_master/control_2.vhd Line: 55
Info (10041): Inferred latch for "busy_cnt[9]" at control_2.vhd(55) File: C:/Users/Gaspar/Documents/GitHub/Proyecto_Final_DOME/Programador_i2c_master/control_2.vhd Line: 55
Info (10041): Inferred latch for "busy_cnt[10]" at control_2.vhd(55) File: C:/Users/Gaspar/Documents/GitHub/Proyecto_Final_DOME/Programador_i2c_master/control_2.vhd Line: 55
Info (10041): Inferred latch for "busy_cnt[11]" at control_2.vhd(55) File: C:/Users/Gaspar/Documents/GitHub/Proyecto_Final_DOME/Programador_i2c_master/control_2.vhd Line: 55
Info (10041): Inferred latch for "busy_cnt[12]" at control_2.vhd(55) File: C:/Users/Gaspar/Documents/GitHub/Proyecto_Final_DOME/Programador_i2c_master/control_2.vhd Line: 55
Info (10041): Inferred latch for "busy_cnt[13]" at control_2.vhd(55) File: C:/Users/Gaspar/Documents/GitHub/Proyecto_Final_DOME/Programador_i2c_master/control_2.vhd Line: 55
Info (10041): Inferred latch for "busy_cnt[14]" at control_2.vhd(55) File: C:/Users/Gaspar/Documents/GitHub/Proyecto_Final_DOME/Programador_i2c_master/control_2.vhd Line: 55
Info (10041): Inferred latch for "busy_cnt[15]" at control_2.vhd(55) File: C:/Users/Gaspar/Documents/GitHub/Proyecto_Final_DOME/Programador_i2c_master/control_2.vhd Line: 55
Info (10041): Inferred latch for "busy_cnt[16]" at control_2.vhd(55) File: C:/Users/Gaspar/Documents/GitHub/Proyecto_Final_DOME/Programador_i2c_master/control_2.vhd Line: 55
Info (10041): Inferred latch for "busy_cnt[17]" at control_2.vhd(55) File: C:/Users/Gaspar/Documents/GitHub/Proyecto_Final_DOME/Programador_i2c_master/control_2.vhd Line: 55
Info (10041): Inferred latch for "busy_cnt[18]" at control_2.vhd(55) File: C:/Users/Gaspar/Documents/GitHub/Proyecto_Final_DOME/Programador_i2c_master/control_2.vhd Line: 55
Info (10041): Inferred latch for "busy_cnt[19]" at control_2.vhd(55) File: C:/Users/Gaspar/Documents/GitHub/Proyecto_Final_DOME/Programador_i2c_master/control_2.vhd Line: 55
Info (10041): Inferred latch for "busy_cnt[20]" at control_2.vhd(55) File: C:/Users/Gaspar/Documents/GitHub/Proyecto_Final_DOME/Programador_i2c_master/control_2.vhd Line: 55
Info (10041): Inferred latch for "busy_cnt[21]" at control_2.vhd(55) File: C:/Users/Gaspar/Documents/GitHub/Proyecto_Final_DOME/Programador_i2c_master/control_2.vhd Line: 55
Info (10041): Inferred latch for "busy_cnt[22]" at control_2.vhd(55) File: C:/Users/Gaspar/Documents/GitHub/Proyecto_Final_DOME/Programador_i2c_master/control_2.vhd Line: 55
Info (10041): Inferred latch for "busy_cnt[23]" at control_2.vhd(55) File: C:/Users/Gaspar/Documents/GitHub/Proyecto_Final_DOME/Programador_i2c_master/control_2.vhd Line: 55
Info (10041): Inferred latch for "busy_cnt[24]" at control_2.vhd(55) File: C:/Users/Gaspar/Documents/GitHub/Proyecto_Final_DOME/Programador_i2c_master/control_2.vhd Line: 55
Info (10041): Inferred latch for "busy_cnt[25]" at control_2.vhd(55) File: C:/Users/Gaspar/Documents/GitHub/Proyecto_Final_DOME/Programador_i2c_master/control_2.vhd Line: 55
Info (10041): Inferred latch for "busy_cnt[26]" at control_2.vhd(55) File: C:/Users/Gaspar/Documents/GitHub/Proyecto_Final_DOME/Programador_i2c_master/control_2.vhd Line: 55
Info (10041): Inferred latch for "busy_cnt[27]" at control_2.vhd(55) File: C:/Users/Gaspar/Documents/GitHub/Proyecto_Final_DOME/Programador_i2c_master/control_2.vhd Line: 55
Info (10041): Inferred latch for "busy_cnt[28]" at control_2.vhd(55) File: C:/Users/Gaspar/Documents/GitHub/Proyecto_Final_DOME/Programador_i2c_master/control_2.vhd Line: 55
Info (10041): Inferred latch for "busy_cnt[29]" at control_2.vhd(55) File: C:/Users/Gaspar/Documents/GitHub/Proyecto_Final_DOME/Programador_i2c_master/control_2.vhd Line: 55
Info (10041): Inferred latch for "busy_cnt[30]" at control_2.vhd(55) File: C:/Users/Gaspar/Documents/GitHub/Proyecto_Final_DOME/Programador_i2c_master/control_2.vhd Line: 55
Info (10041): Inferred latch for "busy_cnt[31]" at control_2.vhd(55) File: C:/Users/Gaspar/Documents/GitHub/Proyecto_Final_DOME/Programador_i2c_master/control_2.vhd Line: 55
Info (12128): Elaborating entity "i2c_master" for hierarchy "i2c_master:inst1"
Warning (10036): Verilog HDL or VHDL warning at i2c_master.vhd(48): object "data_rx" assigned a value but never read File: C:/Users/Gaspar/Documents/GitHub/Proyecto_Final_DOME/Programador_i2c_master/i2c_master.vhd Line: 48
Warning (10036): Verilog HDL or VHDL warning at i2c_master.vhd(50): object "stretch" assigned a value but never read File: C:/Users/Gaspar/Documents/GitHub/Proyecto_Final_DOME/Programador_i2c_master/i2c_master.vhd Line: 50
Warning (10036): Verilog HDL or VHDL warning at i2c_master.vhd(54): object "busy" assigned a value but never read File: C:/Users/Gaspar/Documents/GitHub/Proyecto_Final_DOME/Programador_i2c_master/i2c_master.vhd Line: 54
Warning (13024): Output pins are stuck at VCC or GND
    Warning (13410): Pin "enable_int" is stuck at VCC
    Warning (13410): Pin "r_w_int" is stuck at GND
    Warning (13410): Pin "rst_int" is stuck at VCC
    Warning (13410): Pin "done" is stuck at GND
    Warning (13410): Pin "add[7]" is stuck at GND
    Warning (13410): Pin "add[6]" is stuck at GND
    Warning (13410): Pin "add[5]" is stuck at GND
    Warning (13410): Pin "add[4]" is stuck at GND
    Warning (13410): Pin "add[3]" is stuck at GND
    Warning (13410): Pin "add[2]" is stuck at VCC
    Warning (13410): Pin "add[1]" is stuck at VCC
    Warning (13410): Pin "add[0]" is stuck at VCC
    Warning (13410): Pin "data_LSB[7]" is stuck at GND
    Warning (13410): Pin "data_LSB[6]" is stuck at GND
    Warning (13410): Pin "data_LSB[5]" is stuck at GND
    Warning (13410): Pin "data_LSB[4]" is stuck at GND
    Warning (13410): Pin "data_LSB[3]" is stuck at GND
    Warning (13410): Pin "data_LSB[2]" is stuck at GND
    Warning (13410): Pin "data_LSB[1]" is stuck at GND
    Warning (13410): Pin "data_LSB[0]" is stuck at GND
    Warning (13410): Pin "data_MSB[7]" is stuck at GND
    Warning (13410): Pin "data_MSB[6]" is stuck at GND
    Warning (13410): Pin "data_MSB[5]" is stuck at GND
    Warning (13410): Pin "data_MSB[4]" is stuck at GND
    Warning (13410): Pin "data_MSB[3]" is stuck at GND
    Warning (13410): Pin "data_MSB[2]" is stuck at GND
    Warning (13410): Pin "data_MSB[1]" is stuck at VCC
    Warning (13410): Pin "data_MSB[0]" is stuck at GND
Info (286030): Timing-Driven Synthesis is running
Info (16010): Generating hard_block partition "hard_block:auto_generated_inst"
    Info (16011): Adding 0 node(s), including 0 DDIO, 0 PLL, 0 transceiver and 0 LCELL
Warning (21074): Design contains 2 input pin(s) that do not drive logic
    Warning (15610): No output dependent on input pin "start"
    Warning (15610): No output dependent on input pin "rest"
Info (21057): Implemented 116 device resources after synthesis - the final resource count might be different
    Info (21058): Implemented 3 input pins
    Info (21059): Implemented 29 output pins
    Info (21060): Implemented 2 bidirectional pins
    Info (21061): Implemented 82 logic cells
Info: Quartus Prime Analysis & Synthesis was successful. 0 errors, 44 warnings
    Info: Peak virtual memory: 4861 megabytes
    Info: Processing ended: Sun Jun  2 16:42:47 2024
    Info: Elapsed time: 00:00:06
    Info: Total CPU time (on all processors): 00:00:13


