Analysis & Synthesis report for Histograma
Sat Nov  2 10:30:30 2024
Quartus Prime Version 23.1std.0 Build 991 11/28/2023 SC Lite Edition


---------------------
; Table of Contents ;
---------------------
  1. Legal Notice
  2. Analysis & Synthesis Summary
  3. Analysis & Synthesis Settings
  4. Parallel Compilation
  5. Analysis & Synthesis Source Files Read
  6. Analysis & Synthesis Resource Usage Summary
  7. Analysis & Synthesis Resource Utilization by Entity
  8. State Machine - |Block2|UART_RX:inst3|r_SM_Main
  9. State Machine - |Block2|uart_algo:inst1|state
 10. State Machine - |Block2|Histograma_2:inst|state
 11. State Machine - |Block2|uart_tx:inst2|fsm_state
 12. Registers Removed During Synthesis
 13. General Register Statistics
 14. Inverted Register Statistics
 15. Multiplexer Restructuring Statistics (Restructuring Performed)
 16. Parameter Settings for User Entity Instance: uart_tx:inst2
 17. Parameter Settings for User Entity Instance: uart_algo:inst1
 18. Parameter Settings for User Entity Instance: UART_RX:inst3
 19. Post-Synthesis Netlist Statistics for Top Partition
 20. Elapsed Time Per Partition
 21. Analysis & Synthesis Messages



----------------
; Legal Notice ;
----------------
Copyright (C) 2023  Intel Corporation. All rights reserved.
Your use of Intel Corporation's design tools, logic functions 
and other software and tools, and any partner logic 
functions, and any output files from any of the foregoing 
(including device programming or simulation files), and any 
associated documentation or information are expressly subject 
to the terms and conditions of the Intel Program License 
Subscription Agreement, the Intel Quartus Prime License Agreement,
the Intel FPGA IP License Agreement, or other applicable license
agreement, including, without limitation, that your use is for
the sole purpose of programming logic devices manufactured by
Intel and sold by Intel or its authorized distributors.  Please
refer to the applicable agreement for further details, at
https://fpgasoftware.intel.com/eula.



+-------------------------------------------------------------------------------------+
; Analysis & Synthesis Summary                                                        ;
+------------------------------------+------------------------------------------------+
; Analysis & Synthesis Status        ; Successful - Sat Nov  2 10:30:30 2024          ;
; Quartus Prime Version              ; 23.1std.0 Build 991 11/28/2023 SC Lite Edition ;
; Revision Name                      ; Histograma                                     ;
; Top-level Entity Name              ; Block2                                         ;
; Family                             ; Cyclone IV E                                   ;
; Total logic elements               ; 1,004                                          ;
;     Total combinational functions  ; 973                                            ;
;     Dedicated logic registers      ; 572                                            ;
; Total registers                    ; 572                                            ;
; Total pins                         ; 4                                              ;
; Total virtual pins                 ; 0                                              ;
; Total memory bits                  ; 0                                              ;
; Embedded Multiplier 9-bit elements ; 0                                              ;
; Total PLLs                         ; 0                                              ;
+------------------------------------+------------------------------------------------+


+------------------------------------------------------------------------------------------------------------+
; Analysis & Synthesis Settings                                                                              ;
+------------------------------------------------------------------+--------------------+--------------------+
; Option                                                           ; Setting            ; Default Value      ;
+------------------------------------------------------------------+--------------------+--------------------+
; Device                                                           ; EP4CE115F29C7      ;                    ;
; Top-level entity name                                            ; Block2             ; Histograma         ;
; Family name                                                      ; Cyclone IV E       ; Cyclone V          ;
; VHDL Show LMF Mapping Messages                                   ; Off                ;                    ;
; VHDL Version                                                     ; VHDL_2008          ; VHDL_1993          ;
; Use smart compilation                                            ; Off                ; Off                ;
; Enable parallel Assembler and Timing Analyzer during compilation ; On                 ; On                 ;
; Enable compact report table                                      ; Off                ; Off                ;
; Restructure Multiplexers                                         ; Auto               ; Auto               ;
; Create Debugging Nodes for IP Cores                              ; Off                ; Off                ;
; Preserve fewer node names                                        ; On                 ; On                 ;
; Intel FPGA IP Evaluation Mode                                    ; Enable             ; Enable             ;
; Verilog Version                                                  ; Verilog_2001       ; Verilog_2001       ;
; State Machine Processing                                         ; Auto               ; Auto               ;
; Safe State Machine                                               ; Off                ; Off                ;
; Extract Verilog State Machines                                   ; On                 ; On                 ;
; Extract VHDL State Machines                                      ; On                 ; On                 ;
; Ignore Verilog initial constructs                                ; Off                ; Off                ;
; Iteration limit for constant Verilog loops                       ; 5000               ; 5000               ;
; Iteration limit for non-constant Verilog loops                   ; 250                ; 250                ;
; Add Pass-Through Logic to Inferred RAMs                          ; On                 ; On                 ;
; Infer RAMs from Raw Logic                                        ; On                 ; On                 ;
; Parallel Synthesis                                               ; On                 ; On                 ;
; DSP Block Balancing                                              ; Auto               ; Auto               ;
; NOT Gate Push-Back                                               ; On                 ; On                 ;
; Power-Up Don't Care                                              ; On                 ; On                 ;
; Remove Redundant Logic Cells                                     ; Off                ; Off                ;
; Remove Duplicate Registers                                       ; On                 ; On                 ;
; Ignore CARRY Buffers                                             ; Off                ; Off                ;
; Ignore CASCADE Buffers                                           ; Off                ; Off                ;
; Ignore GLOBAL Buffers                                            ; Off                ; Off                ;
; Ignore ROW GLOBAL Buffers                                        ; Off                ; Off                ;
; Ignore LCELL Buffers                                             ; Off                ; Off                ;
; Ignore SOFT Buffers                                              ; On                 ; On                 ;
; Limit AHDL Integers to 32 Bits                                   ; Off                ; Off                ;
; Optimization Technique                                           ; Balanced           ; Balanced           ;
; Carry Chain Length                                               ; 70                 ; 70                 ;
; Auto Carry Chains                                                ; On                 ; On                 ;
; Auto Open-Drain Pins                                             ; On                 ; On                 ;
; Perform WYSIWYG Primitive Resynthesis                            ; Off                ; Off                ;
; Auto ROM Replacement                                             ; On                 ; On                 ;
; Auto RAM Replacement                                             ; On                 ; On                 ;
; Auto DSP Block Replacement                                       ; On                 ; On                 ;
; Auto Shift Register Replacement                                  ; Auto               ; Auto               ;
; Allow Shift Register Merging across Hierarchies                  ; Auto               ; Auto               ;
; Auto Clock Enable Replacement                                    ; On                 ; On                 ;
; Strict RAM Replacement                                           ; Off                ; Off                ;
; Allow Synchronous Control Signals                                ; On                 ; On                 ;
; Force Use of Synchronous Clear Signals                           ; Off                ; Off                ;
; Auto RAM Block Balancing                                         ; On                 ; On                 ;
; Auto RAM to Logic Cell Conversion                                ; Off                ; Off                ;
; Auto Resource Sharing                                            ; Off                ; Off                ;
; Allow Any RAM Size For Recognition                               ; Off                ; Off                ;
; Allow Any ROM Size For Recognition                               ; Off                ; Off                ;
; Allow Any Shift Register Size For Recognition                    ; Off                ; Off                ;
; Use LogicLock Constraints during Resource Balancing              ; On                 ; On                 ;
; Ignore translate_off and synthesis_off directives                ; Off                ; Off                ;
; Timing-Driven Synthesis                                          ; On                 ; On                 ;
; Report Parameter Settings                                        ; On                 ; On                 ;
; Report Source Assignments                                        ; On                 ; On                 ;
; Report Connectivity Checks                                       ; On                 ; On                 ;
; Ignore Maximum Fan-Out Assignments                               ; Off                ; Off                ;
; Synchronization Register Chain Length                            ; 2                  ; 2                  ;
; Power Optimization During Synthesis                              ; Normal compilation ; Normal compilation ;
; HDL message level                                                ; Level2             ; Level2             ;
; Suppress Register Optimization Related Messages                  ; Off                ; Off                ;
; Number of Removed Registers Reported in Synthesis Report         ; 5000               ; 5000               ;
; Number of Swept Nodes Reported in Synthesis Report               ; 5000               ; 5000               ;
; Number of Inverted Registers Reported in Synthesis Report        ; 100                ; 100                ;
; Clock MUX Protection                                             ; On                 ; On                 ;
; Auto Gated Clock Conversion                                      ; Off                ; Off                ;
; Block Design Naming                                              ; Auto               ; Auto               ;
; SDC constraint protection                                        ; Off                ; Off                ;
; Synthesis Effort                                                 ; Auto               ; Auto               ;
; Shift Register Replacement - Allow Asynchronous Clear Signal     ; On                 ; On                 ;
; Pre-Mapping Resynthesis Optimization                             ; Off                ; Off                ;
; Analysis & Synthesis Message Level                               ; Medium             ; Medium             ;
; Disable Register Merging Across Hierarchies                      ; Auto               ; Auto               ;
; Resource Aware Inference For Block RAM                           ; On                 ; On                 ;
+------------------------------------------------------------------+--------------------+--------------------+


+------------------------------------------+
; Parallel Compilation                     ;
+----------------------------+-------------+
; Processors                 ; Number      ;
+----------------------------+-------------+
; Number detected on machine ; 4           ;
; Maximum allowed            ; 2           ;
;                            ;             ;
; Average used               ; 1.00        ;
; Maximum used               ; 2           ;
;                            ;             ;
; Usage by Processor         ; % Time Used ;
;     Processor 1            ; 100.0%      ;
;     Processor 2            ;   0.0%      ;
+----------------------------+-------------+


+----------------------------------------------------------------------------------------------------------------------------------------------------------------------------------------------------+
; Analysis & Synthesis Source Files Read                                                                                                                                                             ;
+----------------------------------+-----------------+------------------------------------+------------------------------------------------------------------------------------------------+---------+
; File Name with User-Entered Path ; Used in Netlist ; File Type                          ; File Name with Absolute Path                                                                   ; Library ;
+----------------------------------+-----------------+------------------------------------+------------------------------------------------------------------------------------------------+---------+
; uart_tx.v                        ; yes             ; User Verilog HDL File              ; C:/Users/gazpa/Documents/GitHub/Proyecto_Final_DOME/Pruebas/prueba_histograma/uart_tx.v        ;         ;
; UART_RX.vhd                      ; yes             ; User VHDL File                     ; C:/Users/gazpa/Documents/GitHub/Proyecto_Final_DOME/Pruebas/prueba_histograma/UART_RX.vhd      ;         ;
; uart_algo.vhd                    ; yes             ; User VHDL File                     ; C:/Users/gazpa/Documents/GitHub/Proyecto_Final_DOME/Pruebas/prueba_histograma/uart_algo.vhd    ;         ;
; Histograma_2.vhd                 ; yes             ; User VHDL File                     ; C:/Users/gazpa/Documents/GitHub/Proyecto_Final_DOME/Pruebas/prueba_histograma/Histograma_2.vhd ;         ;
; Block2.bdf                       ; yes             ; User Block Diagram/Schematic File  ; C:/Users/gazpa/Documents/GitHub/Proyecto_Final_DOME/Pruebas/prueba_histograma/Block2.bdf       ;         ;
+----------------------------------+-----------------+------------------------------------+------------------------------------------------------------------------------------------------+---------+


+---------------------------------------------------------+
; Analysis & Synthesis Resource Usage Summary             ;
+---------------------------------------------+-----------+
; Resource                                    ; Usage     ;
+---------------------------------------------+-----------+
; Estimated Total logic elements              ; 1,004     ;
;                                             ;           ;
; Total combinational functions               ; 973       ;
; Logic element usage by number of LUT inputs ;           ;
;     -- 4 input functions                    ; 430       ;
;     -- 3 input functions                    ; 75        ;
;     -- <=2 input functions                  ; 468       ;
;                                             ;           ;
; Logic elements by mode                      ;           ;
;     -- normal mode                          ; 561       ;
;     -- arithmetic mode                      ; 412       ;
;                                             ;           ;
; Total registers                             ; 572       ;
;     -- Dedicated logic registers            ; 572       ;
;     -- I/O registers                        ; 0         ;
;                                             ;           ;
; I/O pins                                    ; 4         ;
;                                             ;           ;
; Embedded Multiplier 9-bit elements          ; 0         ;
;                                             ;           ;
; Maximum fan-out node                        ; clk~input ;
; Maximum fan-out                             ; 572       ;
; Total fan-out                               ; 5042      ;
; Average fan-out                             ; 3.25      ;
+---------------------------------------------+-----------+


+-----------------------------------------------------------------------------------------------------------------------------------------------------------------------------------------------------------------+
; Analysis & Synthesis Resource Utilization by Entity                                                                                                                                                             ;
+----------------------------+---------------------+---------------------------+-------------+--------------+---------+-----------+------+--------------+---------------------------+--------------+--------------+
; Compilation Hierarchy Node ; Combinational ALUTs ; Dedicated Logic Registers ; Memory Bits ; DSP Elements ; DSP 9x9 ; DSP 18x18 ; Pins ; Virtual Pins ; Full Hierarchy Name       ; Entity Name  ; Library Name ;
+----------------------------+---------------------+---------------------------+-------------+--------------+---------+-----------+------+--------------+---------------------------+--------------+--------------+
; |Block2                    ; 973 (1)             ; 572 (0)                   ; 0           ; 0            ; 0       ; 0         ; 4    ; 0            ; |Block2                   ; Block2       ; work         ;
;    |Histograma_2:inst|     ; 595 (595)           ; 487 (487)                 ; 0           ; 0            ; 0       ; 0         ; 0    ; 0            ; |Block2|Histograma_2:inst ; Histograma_2 ; work         ;
;    |UART_RX:inst3|         ; 46 (46)             ; 26 (26)                   ; 0           ; 0            ; 0       ; 0         ; 0    ; 0            ; |Block2|UART_RX:inst3     ; UART_RX      ; work         ;
;    |uart_algo:inst1|       ; 33 (33)             ; 34 (34)                   ; 0           ; 0            ; 0       ; 0         ; 0    ; 0            ; |Block2|uart_algo:inst1   ; uart_algo    ; work         ;
;    |uart_tx:inst2|         ; 298 (298)           ; 25 (25)                   ; 0           ; 0            ; 0       ; 0         ; 0    ; 0            ; |Block2|uart_tx:inst2     ; uart_tx      ; work         ;
+----------------------------+---------------------+---------------------------+-------------+--------------+---------+-----------+------+--------------+---------------------------+--------------+--------------+
Note: For table entries with two numbers listed, the numbers in parentheses indicate the number of resources of the given type used by the specific entity alone. The numbers listed outside of parentheses indicate the total resources of the given type used by the specific entity and all of its sub-entities in the hierarchy.


Encoding Type:  One-Hot
+---------------------------------------------------------------------------------------------------------------------------------------------------+
; State Machine - |Block2|UART_RX:inst3|r_SM_Main                                                                                                   ;
+--------------------------+---------------------+-------------------------+--------------------------+--------------------------+------------------+
; Name                     ; r_SM_Main.s_Cleanup ; r_SM_Main.s_RX_Stop_Bit ; r_SM_Main.s_RX_Data_Bits ; r_SM_Main.s_RX_Start_Bit ; r_SM_Main.s_Idle ;
+--------------------------+---------------------+-------------------------+--------------------------+--------------------------+------------------+
; r_SM_Main.s_Idle         ; 0                   ; 0                       ; 0                        ; 0                        ; 0                ;
; r_SM_Main.s_RX_Start_Bit ; 0                   ; 0                       ; 0                        ; 1                        ; 1                ;
; r_SM_Main.s_RX_Data_Bits ; 0                   ; 0                       ; 1                        ; 0                        ; 1                ;
; r_SM_Main.s_RX_Stop_Bit  ; 0                   ; 1                       ; 0                        ; 0                        ; 1                ;
; r_SM_Main.s_Cleanup      ; 1                   ; 0                       ; 0                        ; 0                        ; 1                ;
+--------------------------+---------------------+-------------------------+--------------------------+--------------------------+------------------+


Encoding Type:  One-Hot
+--------------------------------------------------------------------------------------+
; State Machine - |Block2|uart_algo:inst1|state                                        ;
+------------------------+------------------------+-----------------------+------------+
; Name                   ; state.recv_second_byte ; state.recv_first_byte ; state.idle ;
+------------------------+------------------------+-----------------------+------------+
; state.idle             ; 0                      ; 0                     ; 0          ;
; state.recv_first_byte  ; 0                      ; 1                     ; 1          ;
; state.recv_second_byte ; 1                      ; 0                     ; 1          ;
+------------------------+------------------------+-----------------------+------------+


Encoding Type:  One-Hot
+--------------------------------------------------------------------------------------------------------------------------------------------------------+
; State Machine - |Block2|Histograma_2:inst|state                                                                                                        ;
+------------------+---------------+---------------+---------------+---------------+------------------+------------------+------------------+------------+
; Name             ; state.envio_4 ; state.envio_3 ; state.envio_2 ; state.envio_1 ; state.envio_ok_2 ; state.envio_ok_1 ; state.histograma ; state.idle ;
+------------------+---------------+---------------+---------------+---------------+------------------+------------------+------------------+------------+
; state.idle       ; 0             ; 0             ; 0             ; 0             ; 0                ; 0                ; 0                ; 0          ;
; state.histograma ; 0             ; 0             ; 0             ; 0             ; 0                ; 0                ; 1                ; 1          ;
; state.envio_ok_1 ; 0             ; 0             ; 0             ; 0             ; 0                ; 1                ; 0                ; 1          ;
; state.envio_ok_2 ; 0             ; 0             ; 0             ; 0             ; 1                ; 0                ; 0                ; 1          ;
; state.envio_1    ; 0             ; 0             ; 0             ; 1             ; 0                ; 0                ; 0                ; 1          ;
; state.envio_2    ; 0             ; 0             ; 1             ; 0             ; 0                ; 0                ; 0                ; 1          ;
; state.envio_3    ; 0             ; 1             ; 0             ; 0             ; 0                ; 0                ; 0                ; 1          ;
; state.envio_4    ; 1             ; 0             ; 0             ; 0             ; 0                ; 0                ; 0                ; 1          ;
+------------------+---------------+---------------+---------------+---------------+------------------+------------------+------------------+------------+


Encoding Type:  One-Hot
+----------------------------------------------------------------------------------------------------------+
; State Machine - |Block2|uart_tx:inst2|fsm_state                                                          ;
+---------------------+--------------------+--------------------+---------------------+--------------------+
; Name                ; fsm_state.FSM_STOP ; fsm_state.FSM_SEND ; fsm_state.FSM_START ; fsm_state.FSM_IDLE ;
+---------------------+--------------------+--------------------+---------------------+--------------------+
; fsm_state.FSM_IDLE  ; 0                  ; 0                  ; 0                   ; 0                  ;
; fsm_state.FSM_START ; 0                  ; 0                  ; 1                   ; 1                  ;
; fsm_state.FSM_SEND  ; 0                  ; 1                  ; 0                   ; 1                  ;
; fsm_state.FSM_STOP  ; 1                  ; 0                  ; 0                   ; 1                  ;
+---------------------+--------------------+--------------------+---------------------+--------------------+


+---------------------------------------------------------------------------------+
; Registers Removed During Synthesis                                              ;
+----------------------------------------+----------------------------------------+
; Register name                          ; Reason for Removal                     ;
+----------------------------------------+----------------------------------------+
; Histograma_2:inst|dato_ant[11..19]     ; Stuck at GND due to stuck port data_in ;
; Histograma_2:inst|reg_energia[14]      ; Stuck at GND due to stuck port data_in ;
; uart_tx:inst2|fsm_state~2              ; Lost fanout                            ;
; uart_tx:inst2|fsm_state~3              ; Lost fanout                            ;
; uart_tx:inst2|fsm_state~4              ; Lost fanout                            ;
; Total Number of Removed Registers = 13 ;                                        ;
+----------------------------------------+----------------------------------------+


+------------------------------------------------------+
; General Register Statistics                          ;
+----------------------------------------------+-------+
; Statistic                                    ; Value ;
+----------------------------------------------+-------+
; Total registers                              ; 572   ;
; Number of registers using Synchronous Clear  ; 31    ;
; Number of registers using Synchronous Load   ; 9     ;
; Number of registers using Asynchronous Clear ; 515   ;
; Number of registers using Asynchronous Load  ; 0     ;
; Number of registers using Clock Enable       ; 490   ;
; Number of registers using Preset             ; 0     ;
+----------------------------------------------+-------+


+--------------------------------------------------+
; Inverted Register Statistics                     ;
+----------------------------------------+---------+
; Inverted Register                      ; Fan out ;
+----------------------------------------+---------+
; Histograma_2:inst|indice_hist[0]       ; 78      ;
; Histograma_2:inst|dato_ant[2]          ; 1       ;
; Histograma_2:inst|dato_ant[5]          ; 1       ;
; Histograma_2:inst|dato_ant[6]          ; 1       ;
; Total number of inverted registers = 4 ;         ;
+----------------------------------------+---------+


+--------------------------------------------------------------------------------------------------------------------------------------------------------+
; Multiplexer Restructuring Statistics (Restructuring Performed)                                                                                         ;
+--------------------+-----------+---------------+----------------------+------------------------+------------+------------------------------------------+
; Multiplexer Inputs ; Bus Width ; Baseline Area ; Area if Restructured ; Saving if Restructured ; Registered ; Example Multiplexer Output               ;
+--------------------+-----------+---------------+----------------------+------------------------+------------+------------------------------------------+
; 4:1                ; 8 bits    ; 16 LEs        ; 8 LEs                ; 8 LEs                  ; Yes        ; |Block2|uart_tx:inst2|cycle_counter[3]   ;
; 4:1                ; 11 bits   ; 22 LEs        ; 11 LEs               ; 11 LEs                 ; Yes        ; |Block2|uart_algo:inst1|pix_count_int[9] ;
; 5:1                ; 4 bits    ; 12 LEs        ; 4 LEs                ; 8 LEs                  ; Yes        ; |Block2|uart_tx:inst2|bit_counter[3]     ;
; 5:1                ; 5 bits    ; 15 LEs        ; 5 LEs                ; 10 LEs                 ; Yes        ; |Block2|Histograma_2:inst|indice_hist[3] ;
; 7:1                ; 7 bits    ; 28 LEs        ; 7 LEs                ; 21 LEs                 ; Yes        ; |Block2|UART_RX:inst3|r_Clk_Count[1]     ;
; 68:1               ; 6 bits    ; 270 LEs       ; 264 LEs              ; 6 LEs                  ; Yes        ; |Block2|uart_tx:inst2|data_to_send[1]    ;
; 3:1                ; 3 bits    ; 6 LEs         ; 6 LEs                ; 0 LEs                  ; No         ; |Block2|UART_RX:inst3|r_Bit_Index        ;
; 32:1               ; 2 bits    ; 42 LEs        ; 42 LEs               ; 0 LEs                  ; No         ; |Block2|Histograma_2:inst|Mux7           ;
+--------------------+-----------+---------------+----------------------+------------------------+------------+------------------------------------------+


+------------------------------------------------------------+
; Parameter Settings for User Entity Instance: uart_tx:inst2 ;
+----------------+----------+--------------------------------+
; Parameter Name ; Value    ; Type                           ;
+----------------+----------+--------------------------------+
; PAYLOAD_BITS   ; 8        ; Signed Integer                 ;
; CLK_HZ         ; 12000000 ; Signed Integer                 ;
; BIT_RATE       ; 115200   ; Signed Integer                 ;
+----------------+----------+--------------------------------+
Note: In order to hide this table in the UI and the text report file, please set the "Show Parameter Settings in Synthesis Report" option in "Analysis and Synthesis Settings -> More Settings" to "Off".


+--------------------------------------------------------------+
; Parameter Settings for User Entity Instance: uart_algo:inst1 ;
+----------------+-------+-------------------------------------+
; Parameter Name ; Value ; Type                                ;
+----------------+-------+-------------------------------------+
; pixels         ; 2047  ; Signed Integer                      ;
+----------------+-------+-------------------------------------+
Note: In order to hide this table in the UI and the text report file, please set the "Show Parameter Settings in Synthesis Report" option in "Analysis and Synthesis Settings -> More Settings" to "Off".


+------------------------------------------------------------+
; Parameter Settings for User Entity Instance: UART_RX:inst3 ;
+----------------+-------+-----------------------------------+
; Parameter Name ; Value ; Type                              ;
+----------------+-------+-----------------------------------+
; g_clks_per_bit ; 104   ; Signed Integer                    ;
+----------------+-------+-----------------------------------+
Note: In order to hide this table in the UI and the text report file, please set the "Show Parameter Settings in Synthesis Report" option in "Analysis and Synthesis Settings -> More Settings" to "Off".


+-----------------------------------------------------+
; Post-Synthesis Netlist Statistics for Top Partition ;
+-----------------------+-----------------------------+
; Type                  ; Count                       ;
+-----------------------+-----------------------------+
; boundary_port         ; 4                           ;
; cycloneiii_ff         ; 572                         ;
;     CLR               ; 43                          ;
;     ENA               ; 11                          ;
;     ENA CLR           ; 461                         ;
;     ENA CLR SCLR      ; 11                          ;
;     ENA SCLR          ; 7                           ;
;     SCLR              ; 5                           ;
;     SCLR SLD          ; 8                           ;
;     SLD               ; 1                           ;
;     plain             ; 25                          ;
; cycloneiii_lcell_comb ; 973                         ;
;     arith             ; 412                         ;
;         2 data inputs ; 378                         ;
;         3 data inputs ; 34                          ;
;     normal            ; 561                         ;
;         0 data inputs ; 1                           ;
;         1 data inputs ; 39                          ;
;         2 data inputs ; 50                          ;
;         3 data inputs ; 41                          ;
;         4 data inputs ; 430                         ;
;                       ;                             ;
; Max LUT depth         ; 8.00                        ;
; Average LUT depth     ; 3.64                        ;
+-----------------------+-----------------------------+


+-------------------------------+
; Elapsed Time Per Partition    ;
+----------------+--------------+
; Partition Name ; Elapsed Time ;
+----------------+--------------+
; Top            ; 00:00:04     ;
+----------------+--------------+


+-------------------------------+
; Analysis & Synthesis Messages ;
+-------------------------------+
Info: *******************************************************************
Info: Running Quartus Prime Analysis & Synthesis
    Info: Version 23.1std.0 Build 991 11/28/2023 SC Lite Edition
    Info: Processing started: Sat Nov  2 10:30:06 2024
Info: Command: quartus_map --read_settings_files=on --write_settings_files=off Histograma -c Histograma
Warning (18236): Number of processors has not been specified which may cause overloading on shared machines.  Set the global assignment NUM_PARALLEL_PROCESSORS in your QSF to an appropriate value for best performance.
Info (20030): Parallel compilation is enabled and will use 2 of the 2 processors detected
Info (12021): Found 1 design units, including 1 entities, in source file uart_tx.v
    Info (12023): Found entity 1: uart_tx File: C:/Users/gazpa/Documents/GitHub/Proyecto_Final_DOME/Pruebas/prueba_histograma/uart_tx.v Line: 10
Info (12021): Found 2 design units, including 1 entities, in source file uart_rx.vhd
    Info (12022): Found design unit 1: UART_RX-rtl File: C:/Users/gazpa/Documents/GitHub/Proyecto_Final_DOME/Pruebas/prueba_histograma/UART_RX.vhd Line: 31
    Info (12023): Found entity 1: UART_RX File: C:/Users/gazpa/Documents/GitHub/Proyecto_Final_DOME/Pruebas/prueba_histograma/UART_RX.vhd Line: 18
Info (12021): Found 2 design units, including 1 entities, in source file uart_algo.vhd
    Info (12022): Found design unit 1: uart_algo-rtl File: C:/Users/gazpa/Documents/GitHub/Proyecto_Final_DOME/Pruebas/prueba_histograma/uart_algo.vhd Line: 21
    Info (12023): Found entity 1: uart_algo File: C:/Users/gazpa/Documents/GitHub/Proyecto_Final_DOME/Pruebas/prueba_histograma/uart_algo.vhd Line: 5
Info (12021): Found 2 design units, including 1 entities, in source file histograma.vhd
    Info (12022): Found design unit 1: Histograma-rtl File: C:/Users/gazpa/Documents/GitHub/Proyecto_Final_DOME/Pruebas/prueba_histograma/Histograma.vhd Line: 30
    Info (12023): Found entity 1: Histograma File: C:/Users/gazpa/Documents/GitHub/Proyecto_Final_DOME/Pruebas/prueba_histograma/Histograma.vhd Line: 12
Info (12021): Found 2 design units, including 1 entities, in source file histograma_2.vhd
    Info (12022): Found design unit 1: Histograma_2-rtl File: C:/Users/gazpa/Documents/GitHub/Proyecto_Final_DOME/Pruebas/prueba_histograma/Histograma_2.vhd Line: 27
    Info (12023): Found entity 1: Histograma_2 File: C:/Users/gazpa/Documents/GitHub/Proyecto_Final_DOME/Pruebas/prueba_histograma/Histograma_2.vhd Line: 12
Info (12021): Found 1 design units, including 1 entities, in source file block2.bdf
    Info (12023): Found entity 1: Block2
Warning (10222): Verilog HDL Parameter Declaration warning at uart_tx.v(42): Parameter Declaration in module "uart_tx" behaves as a Local Parameter Declaration because the module has a Module Parameter Port List File: C:/Users/gazpa/Documents/GitHub/Proyecto_Final_DOME/Pruebas/prueba_histograma/uart_tx.v Line: 42
Info (12127): Elaborating entity "Block2" for the top level hierarchy
Info (12128): Elaborating entity "uart_tx" for hierarchy "uart_tx:inst2"
Warning (10230): Verilog HDL assignment warning at uart_tx.v(137): truncated value with size 8 to match size of target (4) File: C:/Users/gazpa/Documents/GitHub/Proyecto_Final_DOME/Pruebas/prueba_histograma/uart_tx.v Line: 137
Warning (10230): Verilog HDL assignment warning at uart_tx.v(139): truncated value with size 8 to match size of target (4) File: C:/Users/gazpa/Documents/GitHub/Proyecto_Final_DOME/Pruebas/prueba_histograma/uart_tx.v Line: 139
Info (12128): Elaborating entity "Histograma_2" for hierarchy "Histograma_2:inst"
Warning (10036): Verilog HDL or VHDL warning at Histograma_2.vhd(35): object "dir_mem" assigned a value but never read File: C:/Users/gazpa/Documents/GitHub/Proyecto_Final_DOME/Pruebas/prueba_histograma/Histograma_2.vhd Line: 35
Warning (10036): Verilog HDL or VHDL warning at Histograma_2.vhd(49): object "cuenta" assigned a value but never read File: C:/Users/gazpa/Documents/GitHub/Proyecto_Final_DOME/Pruebas/prueba_histograma/Histograma_2.vhd Line: 49
Info (12128): Elaborating entity "uart_algo" for hierarchy "uart_algo:inst1"
Info (12128): Elaborating entity "UART_RX" for hierarchy "UART_RX:inst3"
Info (13000): Registers with preset signals will power-up high File: C:/Users/gazpa/Documents/GitHub/Proyecto_Final_DOME/Pruebas/prueba_histograma/Histograma_2.vhd Line: 51
Info (13003): DEV_CLRn pin will set, and not reset, register with preset signal due to NOT Gate Push-Back
Info (286030): Timing-Driven Synthesis is running
Critical Warning (18061): Ignored Power-Up Level option on the following registers
    Critical Warning (18010): Register Histograma_2:inst|dato_ant[2] will power up to High File: C:/Users/gazpa/Documents/GitHub/Proyecto_Final_DOME/Pruebas/prueba_histograma/Histograma_2.vhd Line: 51
    Critical Warning (18010): Register Histograma_2:inst|dato_ant[5] will power up to High File: C:/Users/gazpa/Documents/GitHub/Proyecto_Final_DOME/Pruebas/prueba_histograma/Histograma_2.vhd Line: 51
    Critical Warning (18010): Register Histograma_2:inst|dato_ant[6] will power up to High File: C:/Users/gazpa/Documents/GitHub/Proyecto_Final_DOME/Pruebas/prueba_histograma/Histograma_2.vhd Line: 51
Info (17049): 3 registers lost all their fanouts during netlist optimizations.
Info (16010): Generating hard_block partition "hard_block:auto_generated_inst"
    Info (16011): Adding 0 node(s), including 0 DDIO, 0 PLL, 0 transceiver and 0 LCELL
Info (21057): Implemented 1010 device resources after synthesis - the final resource count might be different
    Info (21058): Implemented 3 input pins
    Info (21059): Implemented 1 output pins
    Info (21061): Implemented 1006 logic cells
Info: Quartus Prime Analysis & Synthesis was successful. 0 errors, 10 warnings
    Info: Peak virtual memory: 4799 megabytes
    Info: Processing ended: Sat Nov  2 10:30:30 2024
    Info: Elapsed time: 00:00:24
    Info: Total CPU time (on all processors): 00:00:47


