INPUT  swit[7] 	 location (23, 21, 0) 	 114 	 
OUTPUT leds[8] 	 location (0, 13, 0) 	 16 	 
OUTPUT leds[10] 	 location (0, 20, 0) 	 2 	 
OUTPUT leds[0] 	 location (7, 21, 0) 	 135 	 
INPUT  swit[6] 	 location (21, 21, 1) 	 117 	 
OUTPUT leds[9] 	 location (0, 15, 0) 	 12 	 
OUTPUT leds[13] 	 location (0, 18, 1) 	 7 	 
OUTPUT leds[1] 	 location (0, 1, 0) 	 34 	 
OUTPUT uart_tx_o 	 location (4, 21, 0) 	 141 	 
INPUT  swit[9] 	 location (18, 21, 0) 	 121 	 
INPUT  swit[1] 	 location (25, 18, 1) 	 104 	 
OUTPUT leds[6] 	 location (0, 3, 0) 	 29 	 
OUTPUT leds[12] 	 location (0, 17, 0) 	 10 	 
INPUT  uart_rx_i 	 location (15, 21, 1) 	 122 	 
INPUT  swit[8] 	 location (25, 17, 0) 	 102 	 
INPUT  swit[0] 	 location (12, 21, 1) 	 129 	 
OUTPUT leds[7] 	 location (0, 6, 0) 	 26 	 
INPUT  clk 	 location (25, 11, 0) 	 94 	 
INPUT  swit[3] 	 location (14, 21, 1) 	 125 	 
OUTPUT leds[4] 	 location (5, 21, 0) 	 139 	 
INPUT  swit[2] 	 location (24, 21, 1) 	 110 	 
INPUT  swit[10] 	 location (25, 20, 0) 	 107 	 
INPUT  reset 	 location (0, 2, 1) 	 31 	 
OUTPUT leds[5] 	 location (6, 21, 1) 	 136 	 
INPUT  swit[5] 	 location (19, 21, 0) 	 120 	 
OUTPUT leds[2] 	 location (0, 10, 0) 	 22 	 
INPUT  swit[4] 	 location (9, 21, 1) 	 130 	 
OUTPUT leds[3] 	 location (0, 11, 1) 	 19 	 
OUTPUT leds[11] 	 location (2, 21, 1) 	 144 	 
